Flow report for FPALU
Mon Oct  9 16:13:43 2017
Quartus II 32-bit Version 13.0.0 Build 156 04/24/2013 SJ Web Edition


---------------------
; Table of Contents ;
---------------------
  1. Legal Notice
  2. Flow Summary
  3. Flow Settings
  4. Flow Non-Default Global Settings
  5. Flow Elapsed Time
  6. Flow OS Summary
  7. Flow Log
  8. Flow Messages
  9. Flow Suppressed Messages



----------------
; Legal Notice ;
----------------
Copyright (C) 1991-2013 Altera Corporation
Your use of Altera Corporation's design tools, logic functions 
and other software and tools, and its AMPP partner logic 
functions, and any output files from any of the foregoing 
(including device programming or simulation files), and any 
associated documentation or information are expressly subject 
to the terms and conditions of the Altera Program License 
Subscription Agreement, Altera MegaCore Function License 
Agreement, or other applicable license agreement, including, 
without limitation, that your use is for the sole purpose of 
programming logic devices manufactured by Altera and sold by 
Altera or its authorized distributors.  Please refer to the 
applicable agreement for further details.



+---------------------------------------------------------------------------------+
; Flow Summary                                                                    ;
+------------------------------------+--------------------------------------------+
; Flow Status                        ; Successful - Mon Oct  9 16:13:43 2017      ;
; Quartus II 32-bit Version          ; 13.0.0 Build 156 04/24/2013 SJ Web Edition ;
; Revision Name                      ; FPALU                                      ;
; Top-level Entity Name              ; FPALU                                      ;
; Family                             ; Cyclone II                                 ;
; Device                             ; EP2C70F896C6                               ;
; Timing Models                      ; Final                                      ;
; Total logic elements               ; 453 / 68,416 ( < 1 % )                     ;
;     Total combinational functions  ; 393 / 68,416 ( < 1 % )                     ;
;     Dedicated logic registers      ; 255 / 68,416 ( < 1 % )                     ;
; Total registers                    ; 255                                        ;
; Total pins                         ; 102 / 622 ( 16 % )                         ;
; Total virtual pins                 ; 0                                          ;
; Total memory bits                  ; 0 / 1,152,000 ( 0 % )                      ;
; Embedded Multiplier 9-bit elements ; 0 / 300 ( 0 % )                            ;
; Total PLLs                         ; 0 / 4 ( 0 % )                              ;
+------------------------------------+--------------------------------------------+


+-----------------------------------------+
; Flow Settings                           ;
+-------------------+---------------------+
; Option            ; Setting             ;
+-------------------+---------------------+
; Start date & time ; 10/09/2017 16:13:12 ;
; Main task         ; Compilation         ;
; Revision Name     ; FPALU               ;
+-------------------+---------------------+


+-------------------------------------------------------------------------------------------------------------------------------------------------------------------------------------------------------+
; Flow Non-Default Global Settings                                                                                                                                                                      ;
+-------------------------------------+------------------------------------------------------------------------------------------------------------------+---------------+-------------+----------------+
; Assignment Name                     ; Value                                                                                                            ; Default Value ; Entity Name ; Section Id     ;
+-------------------------------------+------------------------------------------------------------------------------------------------------------------+---------------+-------------+----------------+
; COMPILER_SIGNATURE_ID               ; 0.150757639208624                                                                                                ; --            ; --          ; --             ;
; EDA_OUTPUT_DATA_FORMAT              ; Verilog Hdl                                                                                                      ; --            ; --          ; eda_simulation ;
; EDA_SIMULATION_TOOL                 ; ModelSim-Altera (Verilog)                                                                                        ; <None>        ; --          ; --             ;
; EDA_TIME_SCALE                      ; 1 ps                                                                                                             ; --            ; --          ; eda_simulation ;
; ENABLE_SIGNALTAP                    ; Off                                                                                                              ; --            ; --          ; --             ;
; IP_TOOL_NAME                        ; ALTFP_SQRT                                                                                                       ; --            ; --          ; --             ;
; IP_TOOL_VERSION                     ; 13.0                                                                                                             ; --            ; --          ; --             ;
; MAX_CORE_JUNCTION_TEMP              ; 85                                                                                                               ; --            ; --          ; --             ;
; MIN_CORE_JUNCTION_TEMP              ; 0                                                                                                                ; --            ; --          ; --             ;
; PARTITION_COLOR                     ; 16764057                                                                                                         ; --            ; --          ; Top            ;
; PARTITION_FITTER_PRESERVATION_LEVEL ; PLACEMENT_AND_ROUTING                                                                                            ; --            ; --          ; Top            ;
; PARTITION_NETLIST_TYPE              ; SOURCE                                                                                                           ; --            ; --          ; Top            ;
; SLD_FILE                            ; C:/Users/lamar/Documents/Meus_documentos/kiko/Disciplinas/UnB/OAC/2016-1/Lab2/Files/FPALU/stp1_auto_stripped.stp ; --            ; --          ; --             ;
; USE_SIGNALTAP_FILE                  ; stp1.stp                                                                                                         ; --            ; --          ; --             ;
; VERILOG_INPUT_VERSION               ; SystemVerilog_2005                                                                                               ; Verilog_2001  ; --          ; --             ;
; VERILOG_SHOW_LMF_MAPPING_MESSAGES   ; Off                                                                                                              ; --            ; --          ; --             ;
+-------------------------------------+------------------------------------------------------------------------------------------------------------------+---------------+-------------+----------------+


+-------------------------------------------------------------------------------------------------------------------------------+
; Flow Elapsed Time                                                                                                             ;
+---------------------------+--------------+-------------------------+---------------------+------------------------------------+
; Module Name               ; Elapsed Time ; Average Processors Used ; Peak Virtual Memory ; Total CPU Time (on all processors) ;
+---------------------------+--------------+-------------------------+---------------------+------------------------------------+
; Analysis & Synthesis      ; 00:00:07     ; 1.0                     ; 381 MB              ; 00:00:06                           ;
; Fitter                    ; 00:00:12     ; 1.0                     ; 572 MB              ; 00:00:12                           ;
; Assembler                 ; 00:00:04     ; 1.0                     ; 353 MB              ; 00:00:04                           ;
; TimeQuest Timing Analyzer ; 00:00:01     ; 1.0                     ; 309 MB              ; 00:00:01                           ;
; EDA Netlist Writer        ; 00:00:01     ; 1.0                     ; 309 MB              ; 00:00:01                           ;
; Total                     ; 00:00:25     ; --                      ; --                  ; 00:00:24                           ;
+---------------------------+--------------+-------------------------+---------------------+------------------------------------+


+-----------------------------------------------------------------------------------------+
; Flow OS Summary                                                                         ;
+---------------------------+------------------+------------+------------+----------------+
; Module Name               ; Machine Hostname ; OS Name    ; OS Version ; Processor type ;
+---------------------------+------------------+------------+------------+----------------+
; Analysis & Synthesis      ; mpc              ; Arch Linux ; Arch Linux ; x86_64         ;
; Fitter                    ; mpc              ; Arch Linux ; Arch Linux ; x86_64         ;
; Assembler                 ; mpc              ; Arch Linux ; Arch Linux ; x86_64         ;
; TimeQuest Timing Analyzer ; mpc              ; Arch Linux ; Arch Linux ; x86_64         ;
; EDA Netlist Writer        ; mpc              ; Arch Linux ; Arch Linux ; x86_64         ;
+---------------------------+------------------+------------+------------+----------------+


------------
; Flow Log ;
------------
quartus_map --read_settings_files=on --write_settings_files=off FPALU -c FPALU
quartus_fit --read_settings_files=off --write_settings_files=off FPALU -c FPALU
quartus_asm --read_settings_files=off --write_settings_files=off FPALU -c FPALU
quartus_sta FPALU -c FPALU
quartus_eda --read_settings_files=off --write_settings_files=off FPALU -c FPALU



