Analysis & Synthesis report for ULA
Fri Oct 06 13:19:25 2017
Quartus II 64-Bit Version 13.0.1 Build 232 06/12/2013 Service Pack 1 SJ Web Edition


---------------------
; Table of Contents ;
---------------------
  1. Legal Notice
  2. Analysis & Synthesis Summary
  3. Analysis & Synthesis Settings
  4. Analysis & Synthesis Default Parameter Settings
  5. Parallel Compilation
  6. Analysis & Synthesis Source Files Read
  7. Analysis & Synthesis Resource Usage Summary
  8. Analysis & Synthesis Resource Utilization by Entity
  9. Registers Removed During Synthesis
 10. General Register Statistics
 11. Port Connectivity Checks: "ALU:ula1"
 12. Elapsed Time Per Partition
 13. Analysis & Synthesis Messages



----------------
; Legal Notice ;
----------------
Copyright (C) 1991-2013 Altera Corporation
Your use of Altera Corporation's design tools, logic functions 
and other software and tools, and its AMPP partner logic 
functions, and any output files from any of the foregoing 
(including device programming or simulation files), and any 
associated documentation or information are expressly subject 
to the terms and conditions of the Altera Program License 
Subscription Agreement, Altera MegaCore Function License 
Agreement, or other applicable license agreement, including, 
without limitation, that your use is for the sole purpose of 
programming logic devices manufactured by Altera and sold by 
Altera or its authorized distributors.  Please refer to the 
applicable agreement for further details.



+--------------------------------------------------------------------------------------+
; Analysis & Synthesis Summary                                                         ;
+------------------------------------+-------------------------------------------------+
; Analysis & Synthesis Status        ; Successful - Fri Oct 06 13:19:25 2017           ;
; Quartus II 64-Bit Version          ; 13.0.1 Build 232 06/12/2013 SP 1 SJ Web Edition ;
; Revision Name                      ; ULA                                             ;
; Top-level Entity Name              ; TopDE                                           ;
; Family                             ; Cyclone II                                      ;
; Total logic elements               ; 0                                               ;
;     Total combinational functions  ; 0                                               ;
;     Dedicated logic registers      ; 0                                               ;
; Total registers                    ; 0                                               ;
; Total pins                         ; 115                                             ;
; Total virtual pins                 ; 0                                               ;
; Total memory bits                  ; 0                                               ;
; Embedded Multiplier 9-bit elements ; 0                                               ;
; Total PLLs                         ; 0                                               ;
+------------------------------------+-------------------------------------------------+


+----------------------------------------------------------------------------------------------------------------------+
; Analysis & Synthesis Settings                                                                                        ;
+----------------------------------------------------------------------------+--------------------+--------------------+
; Option                                                                     ; Setting            ; Default Value      ;
+----------------------------------------------------------------------------+--------------------+--------------------+
; Device                                                                     ; EP2C70F896C6       ;                    ;
; Top-level entity name                                                      ; TopDE              ; ULA                ;
; Family name                                                                ; Cyclone II         ; Cyclone IV GX      ;
; Verilog Show LMF Mapping Messages                                          ; Off                ;                    ;
; Verilog Version                                                            ; SystemVerilog_2005 ; Verilog_2001       ;
; Use smart compilation                                                      ; Off                ; Off                ;
; Enable parallel Assembler and TimeQuest Timing Analyzer during compilation ; On                 ; On                 ;
; Enable compact report table                                                ; Off                ; Off                ;
; Restructure Multiplexers                                                   ; Auto               ; Auto               ;
; Create Debugging Nodes for IP Cores                                        ; Off                ; Off                ;
; Preserve fewer node names                                                  ; On                 ; On                 ;
; Disable OpenCore Plus hardware evaluation                                  ; Off                ; Off                ;
; VHDL Version                                                               ; VHDL_1993          ; VHDL_1993          ;
; State Machine Processing                                                   ; Auto               ; Auto               ;
; Safe State Machine                                                         ; Off                ; Off                ;
; Extract Verilog State Machines                                             ; On                 ; On                 ;
; Extract VHDL State Machines                                                ; On                 ; On                 ;
; Ignore Verilog initial constructs                                          ; Off                ; Off                ;
; Iteration limit for constant Verilog loops                                 ; 5000               ; 5000               ;
; Iteration limit for non-constant Verilog loops                             ; 250                ; 250                ;
; Add Pass-Through Logic to Inferred RAMs                                    ; On                 ; On                 ;
; Infer RAMs from Raw Logic                                                  ; On                 ; On                 ;
; Parallel Synthesis                                                         ; On                 ; On                 ;
; DSP Block Balancing                                                        ; Auto               ; Auto               ;
; NOT Gate Push-Back                                                         ; On                 ; On                 ;
; Power-Up Don't Care                                                        ; On                 ; On                 ;
; Remove Redundant Logic Cells                                               ; Off                ; Off                ;
; Remove Duplicate Registers                                                 ; On                 ; On                 ;
; Ignore CARRY Buffers                                                       ; Off                ; Off                ;
; Ignore CASCADE Buffers                                                     ; Off                ; Off                ;
; Ignore GLOBAL Buffers                                                      ; Off                ; Off                ;
; Ignore ROW GLOBAL Buffers                                                  ; Off                ; Off                ;
; Ignore LCELL Buffers                                                       ; Off                ; Off                ;
; Ignore SOFT Buffers                                                        ; On                 ; On                 ;
; Limit AHDL Integers to 32 Bits                                             ; Off                ; Off                ;
; Optimization Technique                                                     ; Balanced           ; Balanced           ;
; Carry Chain Length                                                         ; 70                 ; 70                 ;
; Auto Carry Chains                                                          ; On                 ; On                 ;
; Auto Open-Drain Pins                                                       ; On                 ; On                 ;
; Perform WYSIWYG Primitive Resynthesis                                      ; Off                ; Off                ;
; Auto ROM Replacement                                                       ; On                 ; On                 ;
; Auto RAM Replacement                                                       ; On                 ; On                 ;
; Auto Shift Register Replacement                                            ; Auto               ; Auto               ;
; Allow Shift Register Merging across Hierarchies                            ; Auto               ; Auto               ;
; Auto Clock Enable Replacement                                              ; On                 ; On                 ;
; Strict RAM Replacement                                                     ; Off                ; Off                ;
; Allow Synchronous Control Signals                                          ; On                 ; On                 ;
; Force Use of Synchronous Clear Signals                                     ; Off                ; Off                ;
; Auto RAM to Logic Cell Conversion                                          ; Off                ; Off                ;
; Auto Resource Sharing                                                      ; Off                ; Off                ;
; Allow Any RAM Size For Recognition                                         ; Off                ; Off                ;
; Allow Any ROM Size For Recognition                                         ; Off                ; Off                ;
; Allow Any Shift Register Size For Recognition                              ; Off                ; Off                ;
; Use LogicLock Constraints during Resource Balancing                        ; On                 ; On                 ;
; Ignore translate_off and synthesis_off directives                          ; Off                ; Off                ;
; Timing-Driven Synthesis                                                    ; Off                ; Off                ;
; Report Parameter Settings                                                  ; On                 ; On                 ;
; Report Source Assignments                                                  ; On                 ; On                 ;
; Report Connectivity Checks                                                 ; On                 ; On                 ;
; Ignore Maximum Fan-Out Assignments                                         ; Off                ; Off                ;
; Synchronization Register Chain Length                                      ; 2                  ; 2                  ;
; PowerPlay Power Optimization                                               ; Normal compilation ; Normal compilation ;
; HDL message level                                                          ; Level2             ; Level2             ;
; Suppress Register Optimization Related Messages                            ; Off                ; Off                ;
; Number of Removed Registers Reported in Synthesis Report                   ; 5000               ; 5000               ;
; Number of Swept Nodes Reported in Synthesis Report                         ; 5000               ; 5000               ;
; Number of Inverted Registers Reported in Synthesis Report                  ; 100                ; 100                ;
; Clock MUX Protection                                                       ; On                 ; On                 ;
; Auto Gated Clock Conversion                                                ; Off                ; Off                ;
; Block Design Naming                                                        ; Auto               ; Auto               ;
; SDC constraint protection                                                  ; Off                ; Off                ;
; Synthesis Effort                                                           ; Auto               ; Auto               ;
; Shift Register Replacement - Allow Asynchronous Clear Signal               ; On                 ; On                 ;
; Pre-Mapping Resynthesis Optimization                                       ; Off                ; Off                ;
; Analysis & Synthesis Message Level                                         ; Medium             ; Medium             ;
; Disable Register Merging Across Hierarchies                                ; Auto               ; Auto               ;
; Resource Aware Inference For Block RAM                                     ; On                 ; On                 ;
; Synthesis Seed                                                             ; 1                  ; 1                  ;
+----------------------------------------------------------------------------+--------------------+--------------------+


+-------------------------------------------------+
; Analysis & Synthesis Default Parameter Settings ;
+----------------------+--------------------------+
; Name                 ; Setting                  ;
+----------------------+--------------------------+
; CYCLONEII_SAFE_WRITE ; "VERIFIED_SAFE"          ;
+----------------------+--------------------------+


Parallel compilation was disabled, but you have multiple processors available. Enable parallel compilation to reduce compilation time.
+-------------------------------------+
; Parallel Compilation                ;
+----------------------------+--------+
; Processors                 ; Number ;
+----------------------------+--------+
; Number detected on machine ; 4      ;
; Maximum allowed            ; 1      ;
+----------------------------+--------+


+--------------------------------------------------------------------------------------------------------------------------------------------------------------+
; Analysis & Synthesis Source Files Read                                                                                                                       ;
+----------------------------------+-----------------+------------------------+----------------------------------------------------------------------+---------+
; File Name with User-Entered Path ; Used in Netlist ; File Type              ; File Name with Absolute Path                                         ; Library ;
+----------------------------------+-----------------+------------------------+----------------------------------------------------------------------+---------+
; TopDE.v                          ; yes             ; User Verilog HDL File  ; C:/Users/Diego Vaz/Documents/GitHub/OAC172/Lab2/ex2/ALU/TopDE.v      ;         ;
; Parametros.v                     ; yes             ; User Verilog HDL File  ; C:/Users/Diego Vaz/Documents/GitHub/OAC172/Lab2/ex2/ALU/Parametros.v ;         ;
; Decoder7.v                       ; yes             ; User Verilog HDL File  ; C:/Users/Diego Vaz/Documents/GitHub/OAC172/Lab2/ex2/ALU/Decoder7.v   ;         ;
; ALU.v                            ; yes             ; User Verilog HDL File  ; C:/Users/Diego Vaz/Documents/GitHub/OAC172/Lab2/ex2/ALU/ALU.v        ;         ;
+----------------------------------+-----------------+------------------------+----------------------------------------------------------------------+---------+


+-----------------------------------------------------+
; Analysis & Synthesis Resource Usage Summary         ;
+---------------------------------------------+-------+
; Resource                                    ; Usage ;
+---------------------------------------------+-------+
;                                             ;       ;
; Total combinational functions               ; 0     ;
; Logic element usage by number of LUT inputs ;       ;
;     -- 4 input functions                    ; 0     ;
;     -- 3 input functions                    ; 0     ;
;     -- <=2 input functions                  ; 0     ;
;                                             ;       ;
; Logic elements by mode                      ;       ;
;     -- normal mode                          ; 0     ;
;     -- arithmetic mode                      ; 0     ;
;                                             ;       ;
; Total registers                             ; 0     ;
;     -- Dedicated logic registers            ; 0     ;
;     -- I/O registers                        ; 0     ;
;                                             ;       ;
; I/O pins                                    ; 115   ;
; Embedded Multiplier 9-bit elements          ; 0     ;
+---------------------------------------------+-------+


+-----------------------------------------------------------------------------------------------------------------------------------------------------------------------------+
; Analysis & Synthesis Resource Utilization by Entity                                                                                                                         ;
+----------------------------+-------------------+--------------+-------------+--------------+---------+-----------+------+--------------+---------------------+--------------+
; Compilation Hierarchy Node ; LC Combinationals ; LC Registers ; Memory Bits ; DSP Elements ; DSP 9x9 ; DSP 18x18 ; Pins ; Virtual Pins ; Full Hierarchy Name ; Library Name ;
+----------------------------+-------------------+--------------+-------------+--------------+---------+-----------+------+--------------+---------------------+--------------+
; |TopDE                     ; 0 (0)             ; 0 (0)        ; 0           ; 0            ; 0       ; 0         ; 115  ; 0            ; |TopDE              ; work         ;
+----------------------------+-------------------+--------------+-------------+--------------+---------+-----------+------+--------------+---------------------+--------------+
Note: For table entries with two numbers listed, the numbers in parentheses indicate the number of resources of the given type used by the specific entity alone. The numbers listed outside of parentheses indicate the total resources of the given type used by the specific entity and all of its sub-entities in the hierarchy.


+-------------------------------------------------------------+
; Registers Removed During Synthesis                          ;
+----------------------------------------+--------------------+
; Register name                          ; Reason for Removal ;
+----------------------------------------+--------------------+
; ALU:ula1|LO[0]                         ; Lost fanout        ;
; ALU:ula1|HI[0..31]                     ; Lost fanout        ;
; ALU:ula1|LO[1..31]                     ; Lost fanout        ;
; Total Number of Removed Registers = 64 ;                    ;
+----------------------------------------+--------------------+


+------------------------------------------------------+
; General Register Statistics                          ;
+----------------------------------------------+-------+
; Statistic                                    ; Value ;
+----------------------------------------------+-------+
; Total registers                              ; 0     ;
; Number of registers using Synchronous Clear  ; 0     ;
; Number of registers using Synchronous Load   ; 0     ;
; Number of registers using Asynchronous Clear ; 0     ;
; Number of registers using Asynchronous Load  ; 0     ;
; Number of registers using Clock Enable       ; 0     ;
; Number of registers using Preset             ; 0     ;
+----------------------------------------------+-------+


+--------------------------------------------------------+
; Port Connectivity Checks: "ALU:ula1"                   ;
+----------------------+-------+----------+--------------+
; Port                 ; Type  ; Severity ; Details      ;
+----------------------+-------+----------+--------------+
; iA[31..30]           ; Input ; Info     ; Stuck at VCC ;
; iA[29..28]           ; Input ; Info     ; Stuck at GND ;
; iA[26..0]            ; Input ; Info     ; Stuck at GND ;
; iA[27]               ; Input ; Info     ; Stuck at VCC ;
; iB[29..0]            ; Input ; Info     ; Stuck at GND ;
; iB[31]               ; Input ; Info     ; Stuck at GND ;
; iB[30]               ; Input ; Info     ; Stuck at VCC ;
; iControlSignal[4..1] ; Input ; Info     ; Stuck at GND ;
; iControlSignal[0]    ; Input ; Info     ; Stuck at VCC ;
+----------------------+-------+----------+--------------+


+-------------------------------+
; Elapsed Time Per Partition    ;
+----------------+--------------+
; Partition Name ; Elapsed Time ;
+----------------+--------------+
; Top            ; 00:00:00     ;
+----------------+--------------+


+-------------------------------+
; Analysis & Synthesis Messages ;
+-------------------------------+
Info: *******************************************************************
Info: Running Quartus II 64-Bit Analysis & Synthesis
    Info: Version 13.0.1 Build 232 06/12/2013 Service Pack 1 SJ Web Edition
    Info: Processing started: Fri Oct 06 13:19:22 2017
Info: Command: quartus_map --read_settings_files=on --write_settings_files=off ULA -c ULA
Warning (20028): Parallel compilation is not licensed and has been disabled
Info (12021): Found 1 design units, including 1 entities, in source file topde.v
    Info (12023): Found entity 1: TopDE
Info (12021): Found 0 design units, including 0 entities, in source file parametros.v
Info (12021): Found 1 design units, including 1 entities, in source file decoder7.v
    Info (12023): Found entity 1: Decoder7
Info (12021): Found 1 design units, including 1 entities, in source file alu.v
    Info (12023): Found entity 1: ALU
Info (12127): Elaborating entity "TopDE" for the top level hierarchy
Warning (10034): Output port "oLEDG" at TopDE.v(5) has no driver
Warning (10034): Output port "oLEDR[17..5]" at TopDE.v(6) has no driver
Info (12128): Elaborating entity "ALU" for hierarchy "ALU:ula1"
Info (12128): Elaborating entity "Decoder7" for hierarchy "Decoder7:d0"
Warning (13024): Output pins are stuck at VCC or GND
    Warning (13410): Pin "oLEDG[0]" is stuck at GND
    Warning (13410): Pin "oLEDG[1]" is stuck at GND
    Warning (13410): Pin "oLEDG[2]" is stuck at GND
    Warning (13410): Pin "oLEDG[3]" is stuck at GND
    Warning (13410): Pin "oLEDG[4]" is stuck at GND
    Warning (13410): Pin "oLEDG[5]" is stuck at GND
    Warning (13410): Pin "oLEDG[6]" is stuck at GND
    Warning (13410): Pin "oLEDG[7]" is stuck at GND
    Warning (13410): Pin "oLEDG[8]" is stuck at GND
    Warning (13410): Pin "oLEDR[0]" is stuck at GND
    Warning (13410): Pin "oLEDR[1]" is stuck at GND
    Warning (13410): Pin "oLEDR[2]" is stuck at GND
    Warning (13410): Pin "oLEDR[3]" is stuck at GND
    Warning (13410): Pin "oLEDR[4]" is stuck at GND
    Warning (13410): Pin "oLEDR[5]" is stuck at GND
    Warning (13410): Pin "oLEDR[6]" is stuck at GND
    Warning (13410): Pin "oLEDR[7]" is stuck at GND
    Warning (13410): Pin "oLEDR[8]" is stuck at GND
    Warning (13410): Pin "oLEDR[9]" is stuck at GND
    Warning (13410): Pin "oLEDR[10]" is stuck at GND
    Warning (13410): Pin "oLEDR[11]" is stuck at GND
    Warning (13410): Pin "oLEDR[12]" is stuck at GND
    Warning (13410): Pin "oLEDR[13]" is stuck at GND
    Warning (13410): Pin "oLEDR[14]" is stuck at GND
    Warning (13410): Pin "oLEDR[15]" is stuck at GND
    Warning (13410): Pin "oLEDR[16]" is stuck at GND
    Warning (13410): Pin "oLEDR[17]" is stuck at GND
    Warning (13410): Pin "oHEX0_D[0]" is stuck at GND
    Warning (13410): Pin "oHEX0_D[1]" is stuck at GND
    Warning (13410): Pin "oHEX0_D[2]" is stuck at GND
    Warning (13410): Pin "oHEX0_D[3]" is stuck at GND
    Warning (13410): Pin "oHEX0_D[4]" is stuck at GND
    Warning (13410): Pin "oHEX0_D[5]" is stuck at GND
    Warning (13410): Pin "oHEX0_D[6]" is stuck at VCC
    Warning (13410): Pin "oHEX1_D[0]" is stuck at GND
    Warning (13410): Pin "oHEX1_D[1]" is stuck at GND
    Warning (13410): Pin "oHEX1_D[2]" is stuck at GND
    Warning (13410): Pin "oHEX1_D[3]" is stuck at GND
    Warning (13410): Pin "oHEX1_D[4]" is stuck at GND
    Warning (13410): Pin "oHEX1_D[5]" is stuck at GND
    Warning (13410): Pin "oHEX1_D[6]" is stuck at VCC
    Warning (13410): Pin "oHEX2_D[0]" is stuck at GND
    Warning (13410): Pin "oHEX2_D[1]" is stuck at GND
    Warning (13410): Pin "oHEX2_D[2]" is stuck at GND
    Warning (13410): Pin "oHEX2_D[3]" is stuck at GND
    Warning (13410): Pin "oHEX2_D[4]" is stuck at GND
    Warning (13410): Pin "oHEX2_D[5]" is stuck at GND
    Warning (13410): Pin "oHEX2_D[6]" is stuck at VCC
    Warning (13410): Pin "oHEX3_D[0]" is stuck at GND
    Warning (13410): Pin "oHEX3_D[1]" is stuck at GND
    Warning (13410): Pin "oHEX3_D[2]" is stuck at GND
    Warning (13410): Pin "oHEX3_D[3]" is stuck at GND
    Warning (13410): Pin "oHEX3_D[4]" is stuck at GND
    Warning (13410): Pin "oHEX3_D[5]" is stuck at GND
    Warning (13410): Pin "oHEX3_D[6]" is stuck at VCC
    Warning (13410): Pin "oHEX4_D[0]" is stuck at GND
    Warning (13410): Pin "oHEX4_D[1]" is stuck at GND
    Warning (13410): Pin "oHEX4_D[2]" is stuck at GND
    Warning (13410): Pin "oHEX4_D[3]" is stuck at GND
    Warning (13410): Pin "oHEX4_D[4]" is stuck at GND
    Warning (13410): Pin "oHEX4_D[5]" is stuck at GND
    Warning (13410): Pin "oHEX4_D[6]" is stuck at VCC
    Warning (13410): Pin "oHEX5_D[0]" is stuck at GND
    Warning (13410): Pin "oHEX5_D[1]" is stuck at GND
    Warning (13410): Pin "oHEX5_D[2]" is stuck at GND
    Warning (13410): Pin "oHEX5_D[3]" is stuck at GND
    Warning (13410): Pin "oHEX5_D[4]" is stuck at GND
    Warning (13410): Pin "oHEX5_D[5]" is stuck at GND
    Warning (13410): Pin "oHEX5_D[6]" is stuck at VCC
    Warning (13410): Pin "oHEX6_D[0]" is stuck at GND
    Warning (13410): Pin "oHEX6_D[1]" is stuck at GND
    Warning (13410): Pin "oHEX6_D[2]" is stuck at GND
    Warning (13410): Pin "oHEX6_D[3]" is stuck at GND
    Warning (13410): Pin "oHEX6_D[4]" is stuck at GND
    Warning (13410): Pin "oHEX6_D[5]" is stuck at GND
    Warning (13410): Pin "oHEX6_D[6]" is stuck at GND
    Warning (13410): Pin "oHEX7_D[0]" is stuck at GND
    Warning (13410): Pin "oHEX7_D[1]" is stuck at VCC
    Warning (13410): Pin "oHEX7_D[2]" is stuck at VCC
    Warning (13410): Pin "oHEX7_D[3]" is stuck at GND
    Warning (13410): Pin "oHEX7_D[4]" is stuck at GND
    Warning (13410): Pin "oHEX7_D[5]" is stuck at GND
    Warning (13410): Pin "oHEX7_D[6]" is stuck at VCC
    Warning (13410): Pin "oHEX0_DP" is stuck at VCC
    Warning (13410): Pin "oHEX1_DP" is stuck at VCC
    Warning (13410): Pin "oHEX2_DP" is stuck at VCC
    Warning (13410): Pin "oHEX3_DP" is stuck at VCC
    Warning (13410): Pin "oHEX4_DP" is stuck at VCC
    Warning (13410): Pin "oHEX5_DP" is stuck at VCC
    Warning (13410): Pin "oHEX6_DP" is stuck at VCC
    Warning (13410): Pin "oHEX7_DP" is stuck at VCC
Info (17049): 64 registers lost all their fanouts during netlist optimizations.
Info (16010): Generating hard_block partition "hard_block:auto_generated_inst"
    Info (16011): Adding 0 node(s), including 0 DDIO, 0 PLL, 0 transceiver and 0 LCELL
Warning (21074): Design contains 24 input pin(s) that do not drive logic
    Warning (15610): No output dependent on input pin "iCLK_50"
    Warning (15610): No output dependent on input pin "iCLK_28"
    Warning (15610): No output dependent on input pin "iKEY[0]"
    Warning (15610): No output dependent on input pin "iKEY[1]"
    Warning (15610): No output dependent on input pin "iKEY[2]"
    Warning (15610): No output dependent on input pin "iKEY[3]"
    Warning (15610): No output dependent on input pin "iSW[0]"
    Warning (15610): No output dependent on input pin "iSW[1]"
    Warning (15610): No output dependent on input pin "iSW[2]"
    Warning (15610): No output dependent on input pin "iSW[3]"
    Warning (15610): No output dependent on input pin "iSW[4]"
    Warning (15610): No output dependent on input pin "iSW[5]"
    Warning (15610): No output dependent on input pin "iSW[6]"
    Warning (15610): No output dependent on input pin "iSW[7]"
    Warning (15610): No output dependent on input pin "iSW[8]"
    Warning (15610): No output dependent on input pin "iSW[9]"
    Warning (15610): No output dependent on input pin "iSW[10]"
    Warning (15610): No output dependent on input pin "iSW[11]"
    Warning (15610): No output dependent on input pin "iSW[12]"
    Warning (15610): No output dependent on input pin "iSW[13]"
    Warning (15610): No output dependent on input pin "iSW[14]"
    Warning (15610): No output dependent on input pin "iSW[15]"
    Warning (15610): No output dependent on input pin "iSW[16]"
    Warning (15610): No output dependent on input pin "iSW[17]"
Info (21057): Implemented 115 device resources after synthesis - the final resource count might be different
    Info (21058): Implemented 24 input pins
    Info (21059): Implemented 91 output pins
Info: Quartus II 64-Bit Analysis & Synthesis was successful. 0 errors, 120 warnings
    Info: Peak virtual memory: 463 megabytes
    Info: Processing ended: Fri Oct 06 13:19:25 2017
    Info: Elapsed time: 00:00:03
    Info: Total CPU time (on all processors): 00:00:02


