TimeQuest Timing Analyzer report for decoder
Mon Oct 02 16:24:48 2017
Quartus II 64-Bit Version 13.0.1 Build 232 06/12/2013 Service Pack 1 SJ Web Edition


---------------------
; Table of Contents ;
---------------------
  1. Legal Notice
  2. TimeQuest Timing Analyzer Summary
  3. Parallel Compilation
  4. SDC File List
  5. Clocks
  6. Slow Model Fmax Summary
  7. Slow Model Setup Summary
  8. Slow Model Hold Summary
  9. Slow Model Recovery Summary
 10. Slow Model Removal Summary
 11. Slow Model Minimum Pulse Width Summary
 12. Propagation Delay
 13. Minimum Propagation Delay
 14. Fast Model Setup Summary
 15. Fast Model Hold Summary
 16. Fast Model Recovery Summary
 17. Fast Model Removal Summary
 18. Fast Model Minimum Pulse Width Summary
 19. Propagation Delay
 20. Minimum Propagation Delay
 21. Multicorner Timing Analysis Summary
 22. Progagation Delay
 23. Minimum Progagation Delay
 24. Clock Transfers
 25. Report TCCS
 26. Report RSKM
 27. Unconstrained Paths
 28. TimeQuest Timing Analyzer Messages



----------------
; Legal Notice ;
----------------
Copyright (C) 1991-2013 Altera Corporation
Your use of Altera Corporation's design tools, logic functions 
and other software and tools, and its AMPP partner logic 
functions, and any output files from any of the foregoing 
(including device programming or simulation files), and any 
associated documentation or information are expressly subject 
to the terms and conditions of the Altera Program License 
Subscription Agreement, Altera MegaCore Function License 
Agreement, or other applicable license agreement, including, 
without limitation, that your use is for the sole purpose of 
programming logic devices manufactured by Altera and sold by 
Altera or its authorized distributors.  Please refer to the 
applicable agreement for further details.



+----------------------------------------------------------------------------------------+
; TimeQuest Timing Analyzer Summary                                                      ;
+--------------------+-------------------------------------------------------------------+
; Quartus II Version ; Version 13.0.1 Build 232 06/12/2013 Service Pack 1 SJ Web Edition ;
; Revision Name      ; decoder                                                           ;
; Device Family      ; Cyclone II                                                        ;
; Device Name        ; EP2C70F896C6                                                      ;
; Timing Models      ; Final                                                             ;
; Delay Model        ; Combined                                                          ;
; Rise/Fall Delays   ; Unavailable                                                       ;
+--------------------+-------------------------------------------------------------------+


Parallel compilation was disabled, but you have multiple processors available. Enable parallel compilation to reduce compilation time.
+-------------------------------------+
; Parallel Compilation                ;
+----------------------------+--------+
; Processors                 ; Number ;
+----------------------------+--------+
; Number detected on machine ; 4      ;
; Maximum allowed            ; 1      ;
+----------------------------+--------+


+-----------------------------------------------------+
; SDC File List                                       ;
+-----------------+--------+--------------------------+
; SDC File Path   ; Status ; Read at                  ;
+-----------------+--------+--------------------------+
; decoder.out.sdc ; OK     ; Mon Oct 02 16:24:47 2017 ;
; decoder.sdc     ; OK     ; Mon Oct 02 16:24:47 2017 ;
+-----------------+--------+--------------------------+


+------------------------------------------------------------------------------------------------------------------------------------------------------------------------------------+
; Clocks                                                                                                                                                                             ;
+------------+---------+--------+-----------+-------+--------+------------+-----------+-------------+-------+--------+-----------+------------+----------+--------+--------+---------+
; Clock Name ; Type    ; Period ; Frequency ; Rise  ; Fall   ; Duty Cycle ; Divide by ; Multiply by ; Phase ; Offset ; Edge List ; Edge Shift ; Inverted ; Master ; Source ; Targets ;
+------------+---------+--------+-----------+-------+--------+------------+-----------+-------------+-------+--------+-----------+------------+----------+--------+--------+---------+
; clk        ; Virtual ; 20.000 ; 50.0 MHz  ; 0.000 ; 10.000 ;            ;           ;             ;       ;        ;           ;            ;          ;        ;        ; { }     ;
+------------+---------+--------+-----------+-------+--------+------------+-----------+-------------+-------+--------+-----------+------------+----------+--------+--------+---------+


---------------------------
; Slow Model Fmax Summary ;
---------------------------
No paths to report.


----------------------------
; Slow Model Setup Summary ;
----------------------------
No paths to report.


---------------------------
; Slow Model Hold Summary ;
---------------------------
No paths to report.


-------------------------------
; Slow Model Recovery Summary ;
-------------------------------
No paths to report.


------------------------------
; Slow Model Removal Summary ;
------------------------------
No paths to report.


------------------------------------------
; Slow Model Minimum Pulse Width Summary ;
------------------------------------------
No paths to report.


+--------------------------------------------------------------+
; Propagation Delay                                            ;
+------------+-------------+--------+--------+--------+--------+
; Input Port ; Output Port ; RR     ; RF     ; FR     ; FF     ;
+------------+-------------+--------+--------+--------+--------+
; iKEY[0]    ; oLEDG[0]    ; 8.518  ;        ;        ; 8.518  ;
; iKEY[0]    ; oLEDG[1]    ;        ; 8.530  ; 8.530  ;        ;
; iKEY[1]    ; oLEDG[2]    ; 8.826  ;        ;        ; 8.826  ;
; iKEY[1]    ; oLEDG[3]    ;        ; 8.540  ; 8.540  ;        ;
; iKEY[2]    ; oLEDG[4]    ; 9.152  ;        ;        ; 9.152  ;
; iKEY[2]    ; oLEDG[5]    ;        ; 9.152  ; 9.152  ;        ;
; iSW[0]     ; oHEX0_D[0]  ; 12.405 ; 12.405 ; 12.405 ; 12.405 ;
; iSW[0]     ; oHEX0_D[1]  ; 11.748 ; 11.748 ; 11.748 ; 11.748 ;
; iSW[0]     ; oHEX0_D[2]  ;        ; 11.502 ; 11.502 ;        ;
; iSW[0]     ; oHEX0_D[3]  ; 11.523 ; 11.523 ; 11.523 ; 11.523 ;
; iSW[0]     ; oHEX0_D[4]  ; 11.285 ;        ;        ; 11.285 ;
; iSW[0]     ; oHEX0_D[5]  ; 11.265 ;        ;        ; 11.265 ;
; iSW[0]     ; oHEX0_D[6]  ; 11.717 ; 11.717 ; 11.717 ; 11.717 ;
; iSW[0]     ; oLEDR[0]    ; 10.437 ;        ;        ; 10.437 ;
; iSW[1]     ; oHEX0_D[0]  ; 12.728 ; 12.728 ; 12.728 ; 12.728 ;
; iSW[1]     ; oHEX0_D[1]  ; 12.094 ; 12.094 ; 12.094 ; 12.094 ;
; iSW[1]     ; oHEX0_D[2]  ; 11.849 ;        ;        ; 11.849 ;
; iSW[1]     ; oHEX0_D[3]  ; 11.850 ; 11.850 ; 11.850 ; 11.850 ;
; iSW[1]     ; oHEX0_D[4]  ;        ; 11.584 ; 11.584 ;        ;
; iSW[1]     ; oHEX0_D[5]  ; 11.595 ; 11.595 ; 11.595 ; 11.595 ;
; iSW[1]     ; oHEX0_D[6]  ; 12.049 ; 12.049 ; 12.049 ; 12.049 ;
; iSW[1]     ; oLEDR[1]    ; 10.498 ;        ;        ; 10.498 ;
; iSW[2]     ; oHEX0_D[0]  ; 12.728 ; 12.728 ; 12.728 ; 12.728 ;
; iSW[2]     ; oHEX0_D[1]  ; 12.075 ;        ;        ; 12.075 ;
; iSW[2]     ; oHEX0_D[2]  ; 11.828 ; 11.828 ; 11.828 ; 11.828 ;
; iSW[2]     ; oHEX0_D[3]  ; 11.843 ; 11.843 ; 11.843 ; 11.843 ;
; iSW[2]     ; oHEX0_D[4]  ; 11.605 ; 11.605 ; 11.605 ; 11.605 ;
; iSW[2]     ; oHEX0_D[5]  ; 11.558 ; 11.558 ; 11.558 ; 11.558 ;
; iSW[2]     ; oHEX0_D[6]  ; 12.040 ; 12.040 ; 12.040 ; 12.040 ;
; iSW[2]     ; oLEDR[2]    ; 10.486 ;        ;        ; 10.486 ;
; iSW[3]     ; oHEX0_D[0]  ; 12.646 ; 12.646 ; 12.646 ; 12.646 ;
; iSW[3]     ; oHEX0_D[1]  ; 11.989 ; 11.989 ; 11.989 ; 11.989 ;
; iSW[3]     ; oHEX0_D[2]  ; 11.742 ; 11.742 ; 11.742 ; 11.742 ;
; iSW[3]     ; oHEX0_D[3]  ; 11.755 ; 11.755 ; 11.755 ; 11.755 ;
; iSW[3]     ; oHEX0_D[4]  ;        ; 11.516 ; 11.516 ;        ;
; iSW[3]     ; oHEX0_D[5]  ; 11.496 ; 11.496 ; 11.496 ; 11.496 ;
; iSW[3]     ; oHEX0_D[6]  ; 11.945 ; 11.945 ; 11.945 ; 11.945 ;
; iSW[3]     ; oLEDR[3]    ; 10.587 ;        ;        ; 10.587 ;
; iSW[4]     ; oHEX1_D[0]  ; 11.249 ; 11.249 ; 11.249 ; 11.249 ;
; iSW[4]     ; oHEX1_D[1]  ; 10.455 ; 10.455 ; 10.455 ; 10.455 ;
; iSW[4]     ; oHEX1_D[2]  ;        ; 10.212 ; 10.212 ;        ;
; iSW[4]     ; oHEX1_D[3]  ; 10.454 ; 10.454 ; 10.454 ; 10.454 ;
; iSW[4]     ; oHEX1_D[4]  ; 10.412 ;        ;        ; 10.412 ;
; iSW[4]     ; oHEX1_D[5]  ; 10.692 ;        ;        ; 10.692 ;
; iSW[4]     ; oHEX1_D[6]  ; 10.413 ; 10.413 ; 10.413 ; 10.413 ;
; iSW[4]     ; oLEDR[4]    ; 10.221 ;        ;        ; 10.221 ;
; iSW[5]     ; oHEX1_D[0]  ; 11.077 ; 11.077 ; 11.077 ; 11.077 ;
; iSW[5]     ; oHEX1_D[1]  ; 10.274 ; 10.274 ; 10.274 ; 10.274 ;
; iSW[5]     ; oHEX1_D[2]  ; 10.037 ;        ;        ; 10.037 ;
; iSW[5]     ; oHEX1_D[3]  ; 10.282 ; 10.282 ; 10.282 ; 10.282 ;
; iSW[5]     ; oHEX1_D[4]  ;        ; 10.227 ; 10.227 ;        ;
; iSW[5]     ; oHEX1_D[5]  ; 10.520 ; 10.520 ; 10.520 ; 10.520 ;
; iSW[5]     ; oHEX1_D[6]  ; 10.228 ; 10.228 ; 10.228 ; 10.228 ;
; iSW[5]     ; oLEDR[5]    ; 10.155 ;        ;        ; 10.155 ;
; iSW[6]     ; oHEX1_D[0]  ; 11.326 ; 11.326 ; 11.326 ; 11.326 ;
; iSW[6]     ; oHEX1_D[1]  ; 10.525 ;        ;        ; 10.525 ;
; iSW[6]     ; oHEX1_D[2]  ; 10.287 ; 10.287 ; 10.287 ; 10.287 ;
; iSW[6]     ; oHEX1_D[3]  ; 10.530 ; 10.530 ; 10.530 ; 10.530 ;
; iSW[6]     ; oHEX1_D[4]  ; 10.478 ; 10.478 ; 10.478 ; 10.478 ;
; iSW[6]     ; oHEX1_D[5]  ; 10.771 ; 10.771 ; 10.771 ; 10.771 ;
; iSW[6]     ; oHEX1_D[6]  ; 10.482 ; 10.482 ; 10.482 ; 10.482 ;
; iSW[6]     ; oLEDR[6]    ; 10.358 ;        ;        ; 10.358 ;
; iSW[7]     ; oHEX1_D[0]  ; 11.615 ; 11.615 ; 11.615 ; 11.615 ;
; iSW[7]     ; oHEX1_D[1]  ; 10.815 ; 10.815 ; 10.815 ; 10.815 ;
; iSW[7]     ; oHEX1_D[2]  ; 10.575 ; 10.575 ; 10.575 ; 10.575 ;
; iSW[7]     ; oHEX1_D[3]  ; 10.796 ; 10.796 ; 10.796 ; 10.796 ;
; iSW[7]     ; oHEX1_D[4]  ;        ; 10.771 ; 10.771 ;        ;
; iSW[7]     ; oHEX1_D[5]  ; 11.061 ; 11.061 ; 11.061 ; 11.061 ;
; iSW[7]     ; oHEX1_D[6]  ; 10.773 ; 10.773 ; 10.773 ; 10.773 ;
; iSW[7]     ; oLEDR[7]    ; 10.196 ;        ;        ; 10.196 ;
; iSW[8]     ; oHEX2_D[0]  ; 11.935 ; 11.935 ; 11.935 ; 11.935 ;
; iSW[8]     ; oHEX2_D[1]  ; 11.727 ; 11.727 ; 11.727 ; 11.727 ;
; iSW[8]     ; oHEX2_D[2]  ;        ; 11.708 ; 11.708 ;        ;
; iSW[8]     ; oHEX2_D[3]  ; 11.976 ; 11.976 ; 11.976 ; 11.976 ;
; iSW[8]     ; oHEX2_D[4]  ; 13.371 ;        ;        ; 13.371 ;
; iSW[8]     ; oHEX2_D[5]  ; 13.634 ;        ;        ; 13.634 ;
; iSW[8]     ; oHEX2_D[6]  ; 14.837 ; 14.837 ; 14.837 ; 14.837 ;
; iSW[8]     ; oLEDR[8]    ; 10.168 ;        ;        ; 10.168 ;
; iSW[9]     ; oHEX2_D[0]  ; 11.730 ; 11.730 ; 11.730 ; 11.730 ;
; iSW[9]     ; oHEX2_D[1]  ; 11.521 ; 11.521 ; 11.521 ; 11.521 ;
; iSW[9]     ; oHEX2_D[2]  ; 11.527 ;        ;        ; 11.527 ;
; iSW[9]     ; oHEX2_D[3]  ; 11.767 ; 11.767 ; 11.767 ; 11.767 ;
; iSW[9]     ; oHEX2_D[4]  ;        ; 13.163 ; 13.163 ;        ;
; iSW[9]     ; oHEX2_D[5]  ; 13.424 ; 13.424 ; 13.424 ; 13.424 ;
; iSW[9]     ; oHEX2_D[6]  ; 14.631 ; 14.631 ; 14.631 ; 14.631 ;
; iSW[9]     ; oLEDR[9]    ; 9.940  ;        ;        ; 9.940  ;
; iSW[10]    ; oHEX2_D[0]  ; 10.507 ; 10.507 ; 10.507 ; 10.507 ;
; iSW[10]    ; oHEX2_D[1]  ; 10.298 ;        ;        ; 10.298 ;
; iSW[10]    ; oHEX2_D[2]  ; 10.308 ; 10.308 ; 10.308 ; 10.308 ;
; iSW[10]    ; oHEX2_D[3]  ; 10.549 ; 10.549 ; 10.549 ; 10.549 ;
; iSW[10]    ; oHEX2_D[4]  ; 11.943 ; 11.943 ; 11.943 ; 11.943 ;
; iSW[10]    ; oHEX2_D[5]  ; 12.206 ; 12.206 ; 12.206 ; 12.206 ;
; iSW[10]    ; oHEX2_D[6]  ; 13.408 ; 13.408 ; 13.408 ; 13.408 ;
; iSW[10]    ; oLEDR[10]   ; 9.319  ;        ;        ; 9.319  ;
; iSW[11]    ; oHEX2_D[0]  ; 11.014 ; 11.014 ; 11.014 ; 11.014 ;
; iSW[11]    ; oHEX2_D[1]  ; 10.801 ; 10.801 ; 10.801 ; 10.801 ;
; iSW[11]    ; oHEX2_D[2]  ; 10.808 ; 10.808 ; 10.808 ; 10.808 ;
; iSW[11]    ; oHEX2_D[3]  ; 11.026 ; 11.026 ; 11.026 ; 11.026 ;
; iSW[11]    ; oHEX2_D[4]  ;        ; 12.448 ; 12.448 ;        ;
; iSW[11]    ; oHEX2_D[5]  ; 12.709 ; 12.709 ; 12.709 ; 12.709 ;
; iSW[11]    ; oHEX2_D[6]  ; 13.916 ; 13.916 ; 13.916 ; 13.916 ;
; iSW[11]    ; oLEDR[11]   ; 9.616  ;        ;        ; 9.616  ;
; iSW[12]    ; oHEX3_D[0]  ; 9.794  ; 9.794  ; 9.794  ; 9.794  ;
; iSW[12]    ; oHEX3_D[1]  ; 9.826  ; 9.826  ; 9.826  ; 9.826  ;
; iSW[12]    ; oHEX3_D[2]  ;        ; 9.813  ; 9.813  ;        ;
; iSW[12]    ; oHEX3_D[3]  ; 9.785  ; 9.785  ; 9.785  ; 9.785  ;
; iSW[12]    ; oHEX3_D[4]  ; 10.122 ;        ;        ; 10.122 ;
; iSW[12]    ; oHEX3_D[5]  ; 9.803  ;        ;        ; 9.803  ;
; iSW[12]    ; oHEX3_D[6]  ; 9.795  ; 9.795  ; 9.795  ; 9.795  ;
; iSW[12]    ; oLEDR[12]   ; 9.796  ;        ;        ; 9.796  ;
; iSW[13]    ; oHEX3_D[0]  ; 10.305 ; 10.305 ; 10.305 ; 10.305 ;
; iSW[13]    ; oHEX3_D[1]  ; 10.366 ; 10.366 ; 10.366 ; 10.366 ;
; iSW[13]    ; oHEX3_D[2]  ; 10.353 ;        ;        ; 10.353 ;
; iSW[13]    ; oHEX3_D[3]  ; 10.326 ; 10.326 ; 10.326 ; 10.326 ;
; iSW[13]    ; oHEX3_D[4]  ;        ; 10.641 ; 10.641 ;        ;
; iSW[13]    ; oHEX3_D[5]  ; 10.342 ; 10.342 ; 10.342 ; 10.342 ;
; iSW[13]    ; oHEX3_D[6]  ; 10.338 ; 10.338 ; 10.338 ; 10.338 ;
; iSW[13]    ; oLEDR[13]   ; 9.878  ;        ;        ; 9.878  ;
; iSW[14]    ; oHEX3_D[0]  ; 9.667  ; 9.667  ; 9.667  ; 9.667  ;
; iSW[14]    ; oHEX3_D[1]  ; 9.699  ;        ;        ; 9.699  ;
; iSW[14]    ; oHEX3_D[2]  ; 9.686  ; 9.686  ; 9.686  ; 9.686  ;
; iSW[14]    ; oHEX3_D[3]  ; 9.657  ; 9.657  ; 9.657  ; 9.657  ;
; iSW[14]    ; oHEX3_D[4]  ; 9.990  ; 9.990  ; 9.990  ; 9.990  ;
; iSW[14]    ; oHEX3_D[5]  ; 9.676  ; 9.676  ; 9.676  ; 9.676  ;
; iSW[14]    ; oHEX3_D[6]  ; 9.666  ; 9.666  ; 9.666  ; 9.666  ;
; iSW[14]    ; oLEDR[14]   ; 10.100 ;        ;        ; 10.100 ;
; iSW[15]    ; oHEX3_D[0]  ; 9.474  ; 9.474  ; 9.474  ; 9.474  ;
; iSW[15]    ; oHEX3_D[1]  ; 9.521  ; 9.521  ; 9.521  ; 9.521  ;
; iSW[15]    ; oHEX3_D[2]  ; 9.519  ; 9.519  ; 9.519  ; 9.519  ;
; iSW[15]    ; oHEX3_D[3]  ; 9.495  ; 9.495  ; 9.495  ; 9.495  ;
; iSW[15]    ; oHEX3_D[4]  ;        ; 9.798  ; 9.798  ;        ;
; iSW[15]    ; oHEX3_D[5]  ; 9.473  ; 9.473  ; 9.473  ; 9.473  ;
; iSW[15]    ; oHEX3_D[6]  ; 9.506  ; 9.506  ; 9.506  ; 9.506  ;
; iSW[15]    ; oLEDR[15]   ; 9.965  ;        ;        ; 9.965  ;
; iSW[16]    ; oLEDG[6]    ; 15.840 ; 15.840 ; 15.840 ; 15.840 ;
; iSW[16]    ; oLEDG[7]    ; 16.070 ; 16.070 ; 16.070 ; 16.070 ;
; iSW[16]    ; oLEDR[16]   ; 10.113 ;        ;        ; 10.113 ;
; iSW[17]    ; oLEDG[6]    ; 16.042 ; 16.042 ; 16.042 ; 16.042 ;
; iSW[17]    ; oLEDG[7]    ; 16.272 ; 16.272 ; 16.272 ; 16.272 ;
; iSW[17]    ; oLEDR[17]   ; 10.503 ;        ;        ; 10.503 ;
+------------+-------------+--------+--------+--------+--------+


+--------------------------------------------------------------+
; Minimum Propagation Delay                                    ;
+------------+-------------+--------+--------+--------+--------+
; Input Port ; Output Port ; RR     ; RF     ; FR     ; FF     ;
+------------+-------------+--------+--------+--------+--------+
; iKEY[0]    ; oLEDG[0]    ; 8.518  ;        ;        ; 8.518  ;
; iKEY[0]    ; oLEDG[1]    ;        ; 8.530  ; 8.530  ;        ;
; iKEY[1]    ; oLEDG[2]    ; 8.826  ;        ;        ; 8.826  ;
; iKEY[1]    ; oLEDG[3]    ;        ; 8.540  ; 8.540  ;        ;
; iKEY[2]    ; oLEDG[4]    ; 9.152  ;        ;        ; 9.152  ;
; iKEY[2]    ; oLEDG[5]    ;        ; 9.152  ; 9.152  ;        ;
; iSW[0]     ; oHEX0_D[0]  ; 12.405 ; 12.405 ; 12.405 ; 12.405 ;
; iSW[0]     ; oHEX0_D[1]  ; 11.748 ; 11.748 ; 11.748 ; 11.748 ;
; iSW[0]     ; oHEX0_D[2]  ;        ; 11.502 ; 11.502 ;        ;
; iSW[0]     ; oHEX0_D[3]  ; 11.523 ; 11.523 ; 11.523 ; 11.523 ;
; iSW[0]     ; oHEX0_D[4]  ; 11.285 ;        ;        ; 11.285 ;
; iSW[0]     ; oHEX0_D[5]  ; 11.265 ;        ;        ; 11.265 ;
; iSW[0]     ; oHEX0_D[6]  ; 11.717 ; 11.717 ; 11.717 ; 11.717 ;
; iSW[0]     ; oLEDR[0]    ; 10.437 ;        ;        ; 10.437 ;
; iSW[1]     ; oHEX0_D[0]  ; 12.728 ; 12.728 ; 12.728 ; 12.728 ;
; iSW[1]     ; oHEX0_D[1]  ; 12.094 ; 12.094 ; 12.094 ; 12.094 ;
; iSW[1]     ; oHEX0_D[2]  ; 11.849 ;        ;        ; 11.849 ;
; iSW[1]     ; oHEX0_D[3]  ; 11.850 ; 11.850 ; 11.850 ; 11.850 ;
; iSW[1]     ; oHEX0_D[4]  ;        ; 11.584 ; 11.584 ;        ;
; iSW[1]     ; oHEX0_D[5]  ; 11.595 ; 11.595 ; 11.595 ; 11.595 ;
; iSW[1]     ; oHEX0_D[6]  ; 12.049 ; 12.049 ; 12.049 ; 12.049 ;
; iSW[1]     ; oLEDR[1]    ; 10.498 ;        ;        ; 10.498 ;
; iSW[2]     ; oHEX0_D[0]  ; 12.728 ; 12.728 ; 12.728 ; 12.728 ;
; iSW[2]     ; oHEX0_D[1]  ; 12.075 ;        ;        ; 12.075 ;
; iSW[2]     ; oHEX0_D[2]  ; 11.828 ; 11.828 ; 11.828 ; 11.828 ;
; iSW[2]     ; oHEX0_D[3]  ; 11.843 ; 11.843 ; 11.843 ; 11.843 ;
; iSW[2]     ; oHEX0_D[4]  ; 11.605 ; 11.605 ; 11.605 ; 11.605 ;
; iSW[2]     ; oHEX0_D[5]  ; 11.558 ; 11.558 ; 11.558 ; 11.558 ;
; iSW[2]     ; oHEX0_D[6]  ; 12.040 ; 12.040 ; 12.040 ; 12.040 ;
; iSW[2]     ; oLEDR[2]    ; 10.486 ;        ;        ; 10.486 ;
; iSW[3]     ; oHEX0_D[0]  ; 12.646 ; 12.646 ; 12.646 ; 12.646 ;
; iSW[3]     ; oHEX0_D[1]  ; 11.989 ; 11.989 ; 11.989 ; 11.989 ;
; iSW[3]     ; oHEX0_D[2]  ; 11.742 ; 11.742 ; 11.742 ; 11.742 ;
; iSW[3]     ; oHEX0_D[3]  ; 11.755 ; 11.755 ; 11.755 ; 11.755 ;
; iSW[3]     ; oHEX0_D[4]  ;        ; 11.516 ; 11.516 ;        ;
; iSW[3]     ; oHEX0_D[5]  ; 11.496 ; 11.496 ; 11.496 ; 11.496 ;
; iSW[3]     ; oHEX0_D[6]  ; 11.945 ; 11.945 ; 11.945 ; 11.945 ;
; iSW[3]     ; oLEDR[3]    ; 10.587 ;        ;        ; 10.587 ;
; iSW[4]     ; oHEX1_D[0]  ; 11.249 ; 11.249 ; 11.249 ; 11.249 ;
; iSW[4]     ; oHEX1_D[1]  ; 10.455 ; 10.455 ; 10.455 ; 10.455 ;
; iSW[4]     ; oHEX1_D[2]  ;        ; 10.212 ; 10.212 ;        ;
; iSW[4]     ; oHEX1_D[3]  ; 10.454 ; 10.454 ; 10.454 ; 10.454 ;
; iSW[4]     ; oHEX1_D[4]  ; 10.412 ;        ;        ; 10.412 ;
; iSW[4]     ; oHEX1_D[5]  ; 10.692 ;        ;        ; 10.692 ;
; iSW[4]     ; oHEX1_D[6]  ; 10.413 ; 10.413 ; 10.413 ; 10.413 ;
; iSW[4]     ; oLEDR[4]    ; 10.221 ;        ;        ; 10.221 ;
; iSW[5]     ; oHEX1_D[0]  ; 11.077 ; 11.077 ; 11.077 ; 11.077 ;
; iSW[5]     ; oHEX1_D[1]  ; 10.274 ; 10.274 ; 10.274 ; 10.274 ;
; iSW[5]     ; oHEX1_D[2]  ; 10.037 ;        ;        ; 10.037 ;
; iSW[5]     ; oHEX1_D[3]  ; 10.282 ; 10.282 ; 10.282 ; 10.282 ;
; iSW[5]     ; oHEX1_D[4]  ;        ; 10.227 ; 10.227 ;        ;
; iSW[5]     ; oHEX1_D[5]  ; 10.520 ; 10.520 ; 10.520 ; 10.520 ;
; iSW[5]     ; oHEX1_D[6]  ; 10.228 ; 10.228 ; 10.228 ; 10.228 ;
; iSW[5]     ; oLEDR[5]    ; 10.155 ;        ;        ; 10.155 ;
; iSW[6]     ; oHEX1_D[0]  ; 11.326 ; 11.326 ; 11.326 ; 11.326 ;
; iSW[6]     ; oHEX1_D[1]  ; 10.525 ;        ;        ; 10.525 ;
; iSW[6]     ; oHEX1_D[2]  ; 10.287 ; 10.287 ; 10.287 ; 10.287 ;
; iSW[6]     ; oHEX1_D[3]  ; 10.530 ; 10.530 ; 10.530 ; 10.530 ;
; iSW[6]     ; oHEX1_D[4]  ; 10.478 ; 10.478 ; 10.478 ; 10.478 ;
; iSW[6]     ; oHEX1_D[5]  ; 10.771 ; 10.771 ; 10.771 ; 10.771 ;
; iSW[6]     ; oHEX1_D[6]  ; 10.482 ; 10.482 ; 10.482 ; 10.482 ;
; iSW[6]     ; oLEDR[6]    ; 10.358 ;        ;        ; 10.358 ;
; iSW[7]     ; oHEX1_D[0]  ; 11.615 ; 11.615 ; 11.615 ; 11.615 ;
; iSW[7]     ; oHEX1_D[1]  ; 10.815 ; 10.815 ; 10.815 ; 10.815 ;
; iSW[7]     ; oHEX1_D[2]  ; 10.575 ; 10.575 ; 10.575 ; 10.575 ;
; iSW[7]     ; oHEX1_D[3]  ; 10.796 ; 10.796 ; 10.796 ; 10.796 ;
; iSW[7]     ; oHEX1_D[4]  ;        ; 10.771 ; 10.771 ;        ;
; iSW[7]     ; oHEX1_D[5]  ; 11.061 ; 11.061 ; 11.061 ; 11.061 ;
; iSW[7]     ; oHEX1_D[6]  ; 10.773 ; 10.773 ; 10.773 ; 10.773 ;
; iSW[7]     ; oLEDR[7]    ; 10.196 ;        ;        ; 10.196 ;
; iSW[8]     ; oHEX2_D[0]  ; 11.935 ; 11.935 ; 11.935 ; 11.935 ;
; iSW[8]     ; oHEX2_D[1]  ; 11.727 ; 11.727 ; 11.727 ; 11.727 ;
; iSW[8]     ; oHEX2_D[2]  ;        ; 11.708 ; 11.708 ;        ;
; iSW[8]     ; oHEX2_D[3]  ; 11.976 ; 11.976 ; 11.976 ; 11.976 ;
; iSW[8]     ; oHEX2_D[4]  ; 13.371 ;        ;        ; 13.371 ;
; iSW[8]     ; oHEX2_D[5]  ; 13.634 ;        ;        ; 13.634 ;
; iSW[8]     ; oHEX2_D[6]  ; 14.837 ; 14.837 ; 14.837 ; 14.837 ;
; iSW[8]     ; oLEDR[8]    ; 10.168 ;        ;        ; 10.168 ;
; iSW[9]     ; oHEX2_D[0]  ; 11.730 ; 11.730 ; 11.730 ; 11.730 ;
; iSW[9]     ; oHEX2_D[1]  ; 11.521 ; 11.521 ; 11.521 ; 11.521 ;
; iSW[9]     ; oHEX2_D[2]  ; 11.527 ;        ;        ; 11.527 ;
; iSW[9]     ; oHEX2_D[3]  ; 11.767 ; 11.767 ; 11.767 ; 11.767 ;
; iSW[9]     ; oHEX2_D[4]  ;        ; 13.163 ; 13.163 ;        ;
; iSW[9]     ; oHEX2_D[5]  ; 13.424 ; 13.424 ; 13.424 ; 13.424 ;
; iSW[9]     ; oHEX2_D[6]  ; 14.631 ; 14.631 ; 14.631 ; 14.631 ;
; iSW[9]     ; oLEDR[9]    ; 9.940  ;        ;        ; 9.940  ;
; iSW[10]    ; oHEX2_D[0]  ; 10.507 ; 10.507 ; 10.507 ; 10.507 ;
; iSW[10]    ; oHEX2_D[1]  ; 10.298 ;        ;        ; 10.298 ;
; iSW[10]    ; oHEX2_D[2]  ; 10.308 ; 10.308 ; 10.308 ; 10.308 ;
; iSW[10]    ; oHEX2_D[3]  ; 10.549 ; 10.549 ; 10.549 ; 10.549 ;
; iSW[10]    ; oHEX2_D[4]  ; 11.943 ; 11.943 ; 11.943 ; 11.943 ;
; iSW[10]    ; oHEX2_D[5]  ; 12.206 ; 12.206 ; 12.206 ; 12.206 ;
; iSW[10]    ; oHEX2_D[6]  ; 13.408 ; 13.408 ; 13.408 ; 13.408 ;
; iSW[10]    ; oLEDR[10]   ; 9.319  ;        ;        ; 9.319  ;
; iSW[11]    ; oHEX2_D[0]  ; 11.014 ; 11.014 ; 11.014 ; 11.014 ;
; iSW[11]    ; oHEX2_D[1]  ; 10.801 ; 10.801 ; 10.801 ; 10.801 ;
; iSW[11]    ; oHEX2_D[2]  ; 10.808 ; 10.808 ; 10.808 ; 10.808 ;
; iSW[11]    ; oHEX2_D[3]  ; 11.026 ; 11.026 ; 11.026 ; 11.026 ;
; iSW[11]    ; oHEX2_D[4]  ;        ; 12.448 ; 12.448 ;        ;
; iSW[11]    ; oHEX2_D[5]  ; 12.709 ; 12.709 ; 12.709 ; 12.709 ;
; iSW[11]    ; oHEX2_D[6]  ; 13.916 ; 13.916 ; 13.916 ; 13.916 ;
; iSW[11]    ; oLEDR[11]   ; 9.616  ;        ;        ; 9.616  ;
; iSW[12]    ; oHEX3_D[0]  ; 9.794  ; 9.794  ; 9.794  ; 9.794  ;
; iSW[12]    ; oHEX3_D[1]  ; 9.826  ; 9.826  ; 9.826  ; 9.826  ;
; iSW[12]    ; oHEX3_D[2]  ;        ; 9.813  ; 9.813  ;        ;
; iSW[12]    ; oHEX3_D[3]  ; 9.785  ; 9.785  ; 9.785  ; 9.785  ;
; iSW[12]    ; oHEX3_D[4]  ; 10.122 ;        ;        ; 10.122 ;
; iSW[12]    ; oHEX3_D[5]  ; 9.803  ;        ;        ; 9.803  ;
; iSW[12]    ; oHEX3_D[6]  ; 9.795  ; 9.795  ; 9.795  ; 9.795  ;
; iSW[12]    ; oLEDR[12]   ; 9.796  ;        ;        ; 9.796  ;
; iSW[13]    ; oHEX3_D[0]  ; 10.305 ; 10.305 ; 10.305 ; 10.305 ;
; iSW[13]    ; oHEX3_D[1]  ; 10.366 ; 10.366 ; 10.366 ; 10.366 ;
; iSW[13]    ; oHEX3_D[2]  ; 10.353 ;        ;        ; 10.353 ;
; iSW[13]    ; oHEX3_D[3]  ; 10.326 ; 10.326 ; 10.326 ; 10.326 ;
; iSW[13]    ; oHEX3_D[4]  ;        ; 10.641 ; 10.641 ;        ;
; iSW[13]    ; oHEX3_D[5]  ; 10.342 ; 10.342 ; 10.342 ; 10.342 ;
; iSW[13]    ; oHEX3_D[6]  ; 10.338 ; 10.338 ; 10.338 ; 10.338 ;
; iSW[13]    ; oLEDR[13]   ; 9.878  ;        ;        ; 9.878  ;
; iSW[14]    ; oHEX3_D[0]  ; 9.667  ; 9.667  ; 9.667  ; 9.667  ;
; iSW[14]    ; oHEX3_D[1]  ; 9.699  ;        ;        ; 9.699  ;
; iSW[14]    ; oHEX3_D[2]  ; 9.686  ; 9.686  ; 9.686  ; 9.686  ;
; iSW[14]    ; oHEX3_D[3]  ; 9.657  ; 9.657  ; 9.657  ; 9.657  ;
; iSW[14]    ; oHEX3_D[4]  ; 9.990  ; 9.990  ; 9.990  ; 9.990  ;
; iSW[14]    ; oHEX3_D[5]  ; 9.676  ; 9.676  ; 9.676  ; 9.676  ;
; iSW[14]    ; oHEX3_D[6]  ; 9.666  ; 9.666  ; 9.666  ; 9.666  ;
; iSW[14]    ; oLEDR[14]   ; 10.100 ;        ;        ; 10.100 ;
; iSW[15]    ; oHEX3_D[0]  ; 9.474  ; 9.474  ; 9.474  ; 9.474  ;
; iSW[15]    ; oHEX3_D[1]  ; 9.521  ; 9.521  ; 9.521  ; 9.521  ;
; iSW[15]    ; oHEX3_D[2]  ; 9.519  ; 9.519  ; 9.519  ; 9.519  ;
; iSW[15]    ; oHEX3_D[3]  ; 9.495  ; 9.495  ; 9.495  ; 9.495  ;
; iSW[15]    ; oHEX3_D[4]  ;        ; 9.798  ; 9.798  ;        ;
; iSW[15]    ; oHEX3_D[5]  ; 9.473  ; 9.473  ; 9.473  ; 9.473  ;
; iSW[15]    ; oHEX3_D[6]  ; 9.506  ; 9.506  ; 9.506  ; 9.506  ;
; iSW[15]    ; oLEDR[15]   ; 9.965  ;        ;        ; 9.965  ;
; iSW[16]    ; oLEDG[6]    ; 15.840 ; 15.840 ; 15.840 ; 15.840 ;
; iSW[16]    ; oLEDG[7]    ; 16.070 ; 16.070 ; 16.070 ; 16.070 ;
; iSW[16]    ; oLEDR[16]   ; 10.113 ;        ;        ; 10.113 ;
; iSW[17]    ; oLEDG[6]    ; 16.042 ; 16.042 ; 16.042 ; 16.042 ;
; iSW[17]    ; oLEDG[7]    ; 16.272 ; 16.272 ; 16.272 ; 16.272 ;
; iSW[17]    ; oLEDR[17]   ; 10.503 ;        ;        ; 10.503 ;
+------------+-------------+--------+--------+--------+--------+


----------------------------
; Fast Model Setup Summary ;
----------------------------
No paths to report.


---------------------------
; Fast Model Hold Summary ;
---------------------------
No paths to report.


-------------------------------
; Fast Model Recovery Summary ;
-------------------------------
No paths to report.


------------------------------
; Fast Model Removal Summary ;
------------------------------
No paths to report.


------------------------------------------
; Fast Model Minimum Pulse Width Summary ;
------------------------------------------
No paths to report.


+----------------------------------------------------------+
; Propagation Delay                                        ;
+------------+-------------+-------+-------+-------+-------+
; Input Port ; Output Port ; RR    ; RF    ; FR    ; FF    ;
+------------+-------------+-------+-------+-------+-------+
; iKEY[0]    ; oLEDG[0]    ; 4.857 ;       ;       ; 4.857 ;
; iKEY[0]    ; oLEDG[1]    ;       ; 4.865 ; 4.865 ;       ;
; iKEY[1]    ; oLEDG[2]    ; 5.004 ;       ;       ; 5.004 ;
; iKEY[1]    ; oLEDG[3]    ;       ; 4.875 ; 4.875 ;       ;
; iKEY[2]    ; oLEDG[4]    ; 5.162 ;       ;       ; 5.162 ;
; iKEY[2]    ; oLEDG[5]    ;       ; 5.162 ; 5.162 ;       ;
; iSW[0]     ; oHEX0_D[0]  ; 6.791 ; 6.791 ; 6.791 ; 6.791 ;
; iSW[0]     ; oHEX0_D[1]  ; 6.504 ; 6.504 ; 6.504 ; 6.504 ;
; iSW[0]     ; oHEX0_D[2]  ;       ; 6.392 ; 6.392 ;       ;
; iSW[0]     ; oHEX0_D[3]  ; 6.404 ; 6.404 ; 6.404 ; 6.404 ;
; iSW[0]     ; oHEX0_D[4]  ; 6.296 ;       ;       ; 6.296 ;
; iSW[0]     ; oHEX0_D[5]  ; 6.276 ;       ;       ; 6.276 ;
; iSW[0]     ; oHEX0_D[6]  ; 6.479 ; 6.479 ; 6.479 ; 6.479 ;
; iSW[0]     ; oLEDR[0]    ; 5.948 ;       ;       ; 5.948 ;
; iSW[1]     ; oHEX0_D[0]  ; 6.944 ; 6.944 ; 6.944 ; 6.944 ;
; iSW[1]     ; oHEX0_D[1]  ; 6.658 ; 6.658 ; 6.658 ; 6.658 ;
; iSW[1]     ; oHEX0_D[2]  ; 6.552 ;       ;       ; 6.552 ;
; iSW[1]     ; oHEX0_D[3]  ; 6.540 ; 6.540 ; 6.540 ; 6.540 ;
; iSW[1]     ; oHEX0_D[4]  ;       ; 6.433 ; 6.433 ;       ;
; iSW[1]     ; oHEX0_D[5]  ; 6.414 ; 6.414 ; 6.414 ; 6.414 ;
; iSW[1]     ; oHEX0_D[6]  ; 6.620 ; 6.620 ; 6.620 ; 6.620 ;
; iSW[1]     ; oLEDR[1]    ; 5.982 ;       ;       ; 5.982 ;
; iSW[2]     ; oHEX0_D[0]  ; 6.935 ; 6.935 ; 6.935 ; 6.935 ;
; iSW[2]     ; oHEX0_D[1]  ; 6.651 ;       ;       ; 6.651 ;
; iSW[2]     ; oHEX0_D[2]  ; 6.541 ; 6.541 ; 6.541 ; 6.541 ;
; iSW[2]     ; oHEX0_D[3]  ; 6.545 ; 6.545 ; 6.545 ; 6.545 ;
; iSW[2]     ; oHEX0_D[4]  ; 6.436 ; 6.436 ; 6.436 ; 6.436 ;
; iSW[2]     ; oHEX0_D[5]  ; 6.416 ; 6.416 ; 6.416 ; 6.416 ;
; iSW[2]     ; oHEX0_D[6]  ; 6.619 ; 6.619 ; 6.619 ; 6.619 ;
; iSW[2]     ; oLEDR[2]    ; 5.978 ;       ;       ; 5.978 ;
; iSW[3]     ; oHEX0_D[0]  ; 6.913 ; 6.913 ; 6.913 ; 6.913 ;
; iSW[3]     ; oHEX0_D[1]  ; 6.626 ; 6.626 ; 6.626 ; 6.626 ;
; iSW[3]     ; oHEX0_D[2]  ; 6.517 ; 6.517 ; 6.517 ; 6.517 ;
; iSW[3]     ; oHEX0_D[3]  ; 6.520 ; 6.520 ; 6.520 ; 6.520 ;
; iSW[3]     ; oHEX0_D[4]  ;       ; 6.412 ; 6.412 ;       ;
; iSW[3]     ; oHEX0_D[5]  ; 6.391 ; 6.391 ; 6.391 ; 6.391 ;
; iSW[3]     ; oHEX0_D[6]  ; 6.595 ; 6.595 ; 6.595 ; 6.595 ;
; iSW[3]     ; oLEDR[3]    ; 6.049 ;       ;       ; 6.049 ;
; iSW[4]     ; oHEX1_D[0]  ; 6.225 ; 6.225 ; 6.225 ; 6.225 ;
; iSW[4]     ; oHEX1_D[1]  ; 5.839 ; 5.839 ; 5.839 ; 5.839 ;
; iSW[4]     ; oHEX1_D[2]  ;       ; 5.727 ; 5.727 ;       ;
; iSW[4]     ; oHEX1_D[3]  ; 5.839 ; 5.839 ; 5.839 ; 5.839 ;
; iSW[4]     ; oHEX1_D[4]  ; 5.808 ;       ;       ; 5.808 ;
; iSW[4]     ; oHEX1_D[5]  ; 5.945 ;       ;       ; 5.945 ;
; iSW[4]     ; oHEX1_D[6]  ; 5.805 ; 5.805 ; 5.805 ; 5.805 ;
; iSW[4]     ; oLEDR[4]    ; 5.861 ;       ;       ; 5.861 ;
; iSW[5]     ; oHEX1_D[0]  ; 6.137 ; 6.137 ; 6.137 ; 6.137 ;
; iSW[5]     ; oHEX1_D[1]  ; 5.745 ; 5.745 ; 5.745 ; 5.745 ;
; iSW[5]     ; oHEX1_D[2]  ; 5.638 ;       ;       ; 5.638 ;
; iSW[5]     ; oHEX1_D[3]  ; 5.754 ; 5.754 ; 5.754 ; 5.754 ;
; iSW[5]     ; oHEX1_D[4]  ;       ; 5.706 ; 5.706 ;       ;
; iSW[5]     ; oHEX1_D[5]  ; 5.860 ; 5.860 ; 5.860 ; 5.860 ;
; iSW[5]     ; oHEX1_D[6]  ; 5.707 ; 5.707 ; 5.707 ; 5.707 ;
; iSW[5]     ; oLEDR[5]    ; 5.813 ;       ;       ; 5.813 ;
; iSW[6]     ; oHEX1_D[0]  ; 6.240 ; 6.240 ; 6.240 ; 6.240 ;
; iSW[6]     ; oHEX1_D[1]  ; 5.849 ;       ;       ; 5.849 ;
; iSW[6]     ; oHEX1_D[2]  ; 5.737 ; 5.737 ; 5.737 ; 5.737 ;
; iSW[6]     ; oHEX1_D[3]  ; 5.858 ; 5.858 ; 5.858 ; 5.858 ;
; iSW[6]     ; oHEX1_D[4]  ; 5.810 ; 5.810 ; 5.810 ; 5.810 ;
; iSW[6]     ; oHEX1_D[5]  ; 5.960 ; 5.960 ; 5.960 ; 5.960 ;
; iSW[6]     ; oHEX1_D[6]  ; 5.810 ; 5.810 ; 5.810 ; 5.810 ;
; iSW[6]     ; oLEDR[6]    ; 5.896 ;       ;       ; 5.896 ;
; iSW[7]     ; oHEX1_D[0]  ; 6.380 ; 6.380 ; 6.380 ; 6.380 ;
; iSW[7]     ; oHEX1_D[1]  ; 5.984 ; 5.984 ; 5.984 ; 5.984 ;
; iSW[7]     ; oHEX1_D[2]  ; 5.876 ; 5.876 ; 5.876 ; 5.876 ;
; iSW[7]     ; oHEX1_D[3]  ; 5.992 ; 5.992 ; 5.992 ; 5.992 ;
; iSW[7]     ; oHEX1_D[4]  ;       ; 5.948 ; 5.948 ;       ;
; iSW[7]     ; oHEX1_D[5]  ; 6.099 ; 6.099 ; 6.099 ; 6.099 ;
; iSW[7]     ; oHEX1_D[6]  ; 5.949 ; 5.949 ; 5.949 ; 5.949 ;
; iSW[7]     ; oLEDR[7]    ; 5.851 ;       ;       ; 5.851 ;
; iSW[8]     ; oHEX2_D[0]  ; 6.568 ; 6.568 ; 6.568 ; 6.568 ;
; iSW[8]     ; oHEX2_D[1]  ; 6.473 ; 6.473 ; 6.473 ; 6.473 ;
; iSW[8]     ; oHEX2_D[2]  ;       ; 6.485 ; 6.485 ;       ;
; iSW[8]     ; oHEX2_D[3]  ; 6.598 ; 6.598 ; 6.598 ; 6.598 ;
; iSW[8]     ; oHEX2_D[4]  ; 7.339 ;       ;       ; 7.339 ;
; iSW[8]     ; oHEX2_D[5]  ; 7.423 ;       ;       ; 7.423 ;
; iSW[8]     ; oHEX2_D[6]  ; 7.932 ; 7.932 ; 7.932 ; 7.932 ;
; iSW[8]     ; oLEDR[8]    ; 5.823 ;       ;       ; 5.823 ;
; iSW[9]     ; oHEX2_D[0]  ; 6.498 ; 6.498 ; 6.498 ; 6.498 ;
; iSW[9]     ; oHEX2_D[1]  ; 6.411 ; 6.411 ; 6.411 ; 6.411 ;
; iSW[9]     ; oHEX2_D[2]  ; 6.421 ;       ;       ; 6.421 ;
; iSW[9]     ; oHEX2_D[3]  ; 6.532 ; 6.532 ; 6.532 ; 6.532 ;
; iSW[9]     ; oHEX2_D[4]  ;       ; 7.268 ; 7.268 ;       ;
; iSW[9]     ; oHEX2_D[5]  ; 7.359 ; 7.359 ; 7.359 ; 7.359 ;
; iSW[9]     ; oHEX2_D[6]  ; 7.869 ; 7.869 ; 7.869 ; 7.869 ;
; iSW[9]     ; oLEDR[9]    ; 5.664 ;       ;       ; 5.664 ;
; iSW[10]    ; oHEX2_D[0]  ; 5.832 ; 5.832 ; 5.832 ; 5.832 ;
; iSW[10]    ; oHEX2_D[1]  ; 5.744 ;       ;       ; 5.744 ;
; iSW[10]    ; oHEX2_D[2]  ; 5.757 ; 5.757 ; 5.757 ; 5.757 ;
; iSW[10]    ; oHEX2_D[3]  ; 5.871 ; 5.871 ; 5.871 ; 5.871 ;
; iSW[10]    ; oHEX2_D[4]  ; 6.603 ; 6.603 ; 6.603 ; 6.603 ;
; iSW[10]    ; oHEX2_D[5]  ; 6.696 ; 6.696 ; 6.696 ; 6.696 ;
; iSW[10]    ; oHEX2_D[6]  ; 7.202 ; 7.202 ; 7.202 ; 7.202 ;
; iSW[10]    ; oLEDR[10]   ; 5.358 ;       ;       ; 5.358 ;
; iSW[11]    ; oHEX2_D[0]  ; 6.084 ; 6.084 ; 6.084 ; 6.084 ;
; iSW[11]    ; oHEX2_D[1]  ; 5.992 ; 5.992 ; 5.992 ; 5.992 ;
; iSW[11]    ; oHEX2_D[2]  ; 6.002 ; 6.002 ; 6.002 ; 6.002 ;
; iSW[11]    ; oHEX2_D[3]  ; 6.118 ; 6.118 ; 6.118 ; 6.118 ;
; iSW[11]    ; oHEX2_D[4]  ;       ; 6.852 ; 6.852 ;       ;
; iSW[11]    ; oHEX2_D[5]  ; 6.941 ; 6.941 ; 6.941 ; 6.941 ;
; iSW[11]    ; oHEX2_D[6]  ; 7.450 ; 7.450 ; 7.450 ; 7.450 ;
; iSW[11]    ; oLEDR[11]   ; 5.508 ;       ;       ; 5.508 ;
; iSW[12]    ; oHEX3_D[0]  ; 5.477 ; 5.477 ; 5.477 ; 5.477 ;
; iSW[12]    ; oHEX3_D[1]  ; 5.509 ; 5.509 ; 5.509 ; 5.509 ;
; iSW[12]    ; oHEX3_D[2]  ;       ; 5.498 ; 5.498 ;       ;
; iSW[12]    ; oHEX3_D[3]  ; 5.467 ; 5.467 ; 5.467 ; 5.467 ;
; iSW[12]    ; oHEX3_D[4]  ; 5.639 ;       ;       ; 5.639 ;
; iSW[12]    ; oHEX3_D[5]  ; 5.485 ;       ;       ; 5.485 ;
; iSW[12]    ; oHEX3_D[6]  ; 5.479 ; 5.479 ; 5.479 ; 5.479 ;
; iSW[12]    ; oLEDR[12]   ; 5.564 ;       ;       ; 5.564 ;
; iSW[13]    ; oHEX3_D[0]  ; 5.689 ; 5.689 ; 5.689 ; 5.689 ;
; iSW[13]    ; oHEX3_D[1]  ; 5.718 ; 5.718 ; 5.718 ; 5.718 ;
; iSW[13]    ; oHEX3_D[2]  ; 5.716 ;       ;       ; 5.716 ;
; iSW[13]    ; oHEX3_D[3]  ; 5.678 ; 5.678 ; 5.678 ; 5.678 ;
; iSW[13]    ; oHEX3_D[4]  ;       ; 5.851 ; 5.851 ;       ;
; iSW[13]    ; oHEX3_D[5]  ; 5.692 ; 5.692 ; 5.692 ; 5.692 ;
; iSW[13]    ; oHEX3_D[6]  ; 5.690 ; 5.690 ; 5.690 ; 5.690 ;
; iSW[13]    ; oLEDR[13]   ; 5.625 ;       ;       ; 5.625 ;
; iSW[14]    ; oHEX3_D[0]  ; 5.373 ; 5.373 ; 5.373 ; 5.373 ;
; iSW[14]    ; oHEX3_D[1]  ; 5.406 ;       ;       ; 5.406 ;
; iSW[14]    ; oHEX3_D[2]  ; 5.398 ; 5.398 ; 5.398 ; 5.398 ;
; iSW[14]    ; oHEX3_D[3]  ; 5.361 ; 5.361 ; 5.361 ; 5.361 ;
; iSW[14]    ; oHEX3_D[4]  ; 5.531 ; 5.531 ; 5.531 ; 5.531 ;
; iSW[14]    ; oHEX3_D[5]  ; 5.381 ; 5.381 ; 5.381 ; 5.381 ;
; iSW[14]    ; oHEX3_D[6]  ; 5.372 ; 5.372 ; 5.372 ; 5.372 ;
; iSW[14]    ; oLEDR[14]   ; 5.782 ;       ;       ; 5.782 ;
; iSW[15]    ; oHEX3_D[0]  ; 5.289 ; 5.289 ; 5.289 ; 5.289 ;
; iSW[15]    ; oHEX3_D[1]  ; 5.307 ; 5.307 ; 5.307 ; 5.307 ;
; iSW[15]    ; oHEX3_D[2]  ; 5.313 ; 5.313 ; 5.313 ; 5.313 ;
; iSW[15]    ; oHEX3_D[3]  ; 5.278 ; 5.278 ; 5.278 ; 5.278 ;
; iSW[15]    ; oHEX3_D[4]  ;       ; 5.451 ; 5.451 ;       ;
; iSW[15]    ; oHEX3_D[5]  ; 5.287 ; 5.287 ; 5.287 ; 5.287 ;
; iSW[15]    ; oHEX3_D[6]  ; 5.291 ; 5.291 ; 5.291 ; 5.291 ;
; iSW[15]    ; oLEDR[15]   ; 5.703 ;       ;       ; 5.703 ;
; iSW[16]    ; oLEDG[6]    ; 8.277 ; 8.277 ; 8.277 ; 8.277 ;
; iSW[16]    ; oLEDG[7]    ; 8.384 ; 8.384 ; 8.384 ; 8.384 ;
; iSW[16]    ; oLEDR[16]   ; 5.790 ;       ;       ; 5.790 ;
; iSW[17]    ; oLEDG[6]    ; 8.346 ; 8.346 ; 8.346 ; 8.346 ;
; iSW[17]    ; oLEDG[7]    ; 8.453 ; 8.453 ; 8.453 ; 8.453 ;
; iSW[17]    ; oLEDR[17]   ; 5.994 ;       ;       ; 5.994 ;
+------------+-------------+-------+-------+-------+-------+


+----------------------------------------------------------+
; Minimum Propagation Delay                                ;
+------------+-------------+-------+-------+-------+-------+
; Input Port ; Output Port ; RR    ; RF    ; FR    ; FF    ;
+------------+-------------+-------+-------+-------+-------+
; iKEY[0]    ; oLEDG[0]    ; 4.857 ;       ;       ; 4.857 ;
; iKEY[0]    ; oLEDG[1]    ;       ; 4.865 ; 4.865 ;       ;
; iKEY[1]    ; oLEDG[2]    ; 5.004 ;       ;       ; 5.004 ;
; iKEY[1]    ; oLEDG[3]    ;       ; 4.875 ; 4.875 ;       ;
; iKEY[2]    ; oLEDG[4]    ; 5.162 ;       ;       ; 5.162 ;
; iKEY[2]    ; oLEDG[5]    ;       ; 5.162 ; 5.162 ;       ;
; iSW[0]     ; oHEX0_D[0]  ; 6.791 ; 6.791 ; 6.791 ; 6.791 ;
; iSW[0]     ; oHEX0_D[1]  ; 6.504 ; 6.504 ; 6.504 ; 6.504 ;
; iSW[0]     ; oHEX0_D[2]  ;       ; 6.392 ; 6.392 ;       ;
; iSW[0]     ; oHEX0_D[3]  ; 6.404 ; 6.404 ; 6.404 ; 6.404 ;
; iSW[0]     ; oHEX0_D[4]  ; 6.296 ;       ;       ; 6.296 ;
; iSW[0]     ; oHEX0_D[5]  ; 6.276 ;       ;       ; 6.276 ;
; iSW[0]     ; oHEX0_D[6]  ; 6.479 ; 6.479 ; 6.479 ; 6.479 ;
; iSW[0]     ; oLEDR[0]    ; 5.948 ;       ;       ; 5.948 ;
; iSW[1]     ; oHEX0_D[0]  ; 6.944 ; 6.944 ; 6.944 ; 6.944 ;
; iSW[1]     ; oHEX0_D[1]  ; 6.658 ; 6.658 ; 6.658 ; 6.658 ;
; iSW[1]     ; oHEX0_D[2]  ; 6.552 ;       ;       ; 6.552 ;
; iSW[1]     ; oHEX0_D[3]  ; 6.540 ; 6.540 ; 6.540 ; 6.540 ;
; iSW[1]     ; oHEX0_D[4]  ;       ; 6.433 ; 6.433 ;       ;
; iSW[1]     ; oHEX0_D[5]  ; 6.414 ; 6.414 ; 6.414 ; 6.414 ;
; iSW[1]     ; oHEX0_D[6]  ; 6.620 ; 6.620 ; 6.620 ; 6.620 ;
; iSW[1]     ; oLEDR[1]    ; 5.982 ;       ;       ; 5.982 ;
; iSW[2]     ; oHEX0_D[0]  ; 6.935 ; 6.935 ; 6.935 ; 6.935 ;
; iSW[2]     ; oHEX0_D[1]  ; 6.651 ;       ;       ; 6.651 ;
; iSW[2]     ; oHEX0_D[2]  ; 6.541 ; 6.541 ; 6.541 ; 6.541 ;
; iSW[2]     ; oHEX0_D[3]  ; 6.545 ; 6.545 ; 6.545 ; 6.545 ;
; iSW[2]     ; oHEX0_D[4]  ; 6.436 ; 6.436 ; 6.436 ; 6.436 ;
; iSW[2]     ; oHEX0_D[5]  ; 6.416 ; 6.416 ; 6.416 ; 6.416 ;
; iSW[2]     ; oHEX0_D[6]  ; 6.619 ; 6.619 ; 6.619 ; 6.619 ;
; iSW[2]     ; oLEDR[2]    ; 5.978 ;       ;       ; 5.978 ;
; iSW[3]     ; oHEX0_D[0]  ; 6.913 ; 6.913 ; 6.913 ; 6.913 ;
; iSW[3]     ; oHEX0_D[1]  ; 6.626 ; 6.626 ; 6.626 ; 6.626 ;
; iSW[3]     ; oHEX0_D[2]  ; 6.517 ; 6.517 ; 6.517 ; 6.517 ;
; iSW[3]     ; oHEX0_D[3]  ; 6.520 ; 6.520 ; 6.520 ; 6.520 ;
; iSW[3]     ; oHEX0_D[4]  ;       ; 6.412 ; 6.412 ;       ;
; iSW[3]     ; oHEX0_D[5]  ; 6.391 ; 6.391 ; 6.391 ; 6.391 ;
; iSW[3]     ; oHEX0_D[6]  ; 6.595 ; 6.595 ; 6.595 ; 6.595 ;
; iSW[3]     ; oLEDR[3]    ; 6.049 ;       ;       ; 6.049 ;
; iSW[4]     ; oHEX1_D[0]  ; 6.225 ; 6.225 ; 6.225 ; 6.225 ;
; iSW[4]     ; oHEX1_D[1]  ; 5.839 ; 5.839 ; 5.839 ; 5.839 ;
; iSW[4]     ; oHEX1_D[2]  ;       ; 5.727 ; 5.727 ;       ;
; iSW[4]     ; oHEX1_D[3]  ; 5.839 ; 5.839 ; 5.839 ; 5.839 ;
; iSW[4]     ; oHEX1_D[4]  ; 5.808 ;       ;       ; 5.808 ;
; iSW[4]     ; oHEX1_D[5]  ; 5.945 ;       ;       ; 5.945 ;
; iSW[4]     ; oHEX1_D[6]  ; 5.805 ; 5.805 ; 5.805 ; 5.805 ;
; iSW[4]     ; oLEDR[4]    ; 5.861 ;       ;       ; 5.861 ;
; iSW[5]     ; oHEX1_D[0]  ; 6.137 ; 6.137 ; 6.137 ; 6.137 ;
; iSW[5]     ; oHEX1_D[1]  ; 5.745 ; 5.745 ; 5.745 ; 5.745 ;
; iSW[5]     ; oHEX1_D[2]  ; 5.638 ;       ;       ; 5.638 ;
; iSW[5]     ; oHEX1_D[3]  ; 5.754 ; 5.754 ; 5.754 ; 5.754 ;
; iSW[5]     ; oHEX1_D[4]  ;       ; 5.706 ; 5.706 ;       ;
; iSW[5]     ; oHEX1_D[5]  ; 5.860 ; 5.860 ; 5.860 ; 5.860 ;
; iSW[5]     ; oHEX1_D[6]  ; 5.707 ; 5.707 ; 5.707 ; 5.707 ;
; iSW[5]     ; oLEDR[5]    ; 5.813 ;       ;       ; 5.813 ;
; iSW[6]     ; oHEX1_D[0]  ; 6.240 ; 6.240 ; 6.240 ; 6.240 ;
; iSW[6]     ; oHEX1_D[1]  ; 5.849 ;       ;       ; 5.849 ;
; iSW[6]     ; oHEX1_D[2]  ; 5.737 ; 5.737 ; 5.737 ; 5.737 ;
; iSW[6]     ; oHEX1_D[3]  ; 5.858 ; 5.858 ; 5.858 ; 5.858 ;
; iSW[6]     ; oHEX1_D[4]  ; 5.810 ; 5.810 ; 5.810 ; 5.810 ;
; iSW[6]     ; oHEX1_D[5]  ; 5.960 ; 5.960 ; 5.960 ; 5.960 ;
; iSW[6]     ; oHEX1_D[6]  ; 5.810 ; 5.810 ; 5.810 ; 5.810 ;
; iSW[6]     ; oLEDR[6]    ; 5.896 ;       ;       ; 5.896 ;
; iSW[7]     ; oHEX1_D[0]  ; 6.380 ; 6.380 ; 6.380 ; 6.380 ;
; iSW[7]     ; oHEX1_D[1]  ; 5.984 ; 5.984 ; 5.984 ; 5.984 ;
; iSW[7]     ; oHEX1_D[2]  ; 5.876 ; 5.876 ; 5.876 ; 5.876 ;
; iSW[7]     ; oHEX1_D[3]  ; 5.992 ; 5.992 ; 5.992 ; 5.992 ;
; iSW[7]     ; oHEX1_D[4]  ;       ; 5.948 ; 5.948 ;       ;
; iSW[7]     ; oHEX1_D[5]  ; 6.099 ; 6.099 ; 6.099 ; 6.099 ;
; iSW[7]     ; oHEX1_D[6]  ; 5.949 ; 5.949 ; 5.949 ; 5.949 ;
; iSW[7]     ; oLEDR[7]    ; 5.851 ;       ;       ; 5.851 ;
; iSW[8]     ; oHEX2_D[0]  ; 6.568 ; 6.568 ; 6.568 ; 6.568 ;
; iSW[8]     ; oHEX2_D[1]  ; 6.473 ; 6.473 ; 6.473 ; 6.473 ;
; iSW[8]     ; oHEX2_D[2]  ;       ; 6.485 ; 6.485 ;       ;
; iSW[8]     ; oHEX2_D[3]  ; 6.598 ; 6.598 ; 6.598 ; 6.598 ;
; iSW[8]     ; oHEX2_D[4]  ; 7.339 ;       ;       ; 7.339 ;
; iSW[8]     ; oHEX2_D[5]  ; 7.423 ;       ;       ; 7.423 ;
; iSW[8]     ; oHEX2_D[6]  ; 7.932 ; 7.932 ; 7.932 ; 7.932 ;
; iSW[8]     ; oLEDR[8]    ; 5.823 ;       ;       ; 5.823 ;
; iSW[9]     ; oHEX2_D[0]  ; 6.498 ; 6.498 ; 6.498 ; 6.498 ;
; iSW[9]     ; oHEX2_D[1]  ; 6.411 ; 6.411 ; 6.411 ; 6.411 ;
; iSW[9]     ; oHEX2_D[2]  ; 6.421 ;       ;       ; 6.421 ;
; iSW[9]     ; oHEX2_D[3]  ; 6.532 ; 6.532 ; 6.532 ; 6.532 ;
; iSW[9]     ; oHEX2_D[4]  ;       ; 7.268 ; 7.268 ;       ;
; iSW[9]     ; oHEX2_D[5]  ; 7.359 ; 7.359 ; 7.359 ; 7.359 ;
; iSW[9]     ; oHEX2_D[6]  ; 7.869 ; 7.869 ; 7.869 ; 7.869 ;
; iSW[9]     ; oLEDR[9]    ; 5.664 ;       ;       ; 5.664 ;
; iSW[10]    ; oHEX2_D[0]  ; 5.832 ; 5.832 ; 5.832 ; 5.832 ;
; iSW[10]    ; oHEX2_D[1]  ; 5.744 ;       ;       ; 5.744 ;
; iSW[10]    ; oHEX2_D[2]  ; 5.757 ; 5.757 ; 5.757 ; 5.757 ;
; iSW[10]    ; oHEX2_D[3]  ; 5.871 ; 5.871 ; 5.871 ; 5.871 ;
; iSW[10]    ; oHEX2_D[4]  ; 6.603 ; 6.603 ; 6.603 ; 6.603 ;
; iSW[10]    ; oHEX2_D[5]  ; 6.696 ; 6.696 ; 6.696 ; 6.696 ;
; iSW[10]    ; oHEX2_D[6]  ; 7.202 ; 7.202 ; 7.202 ; 7.202 ;
; iSW[10]    ; oLEDR[10]   ; 5.358 ;       ;       ; 5.358 ;
; iSW[11]    ; oHEX2_D[0]  ; 6.084 ; 6.084 ; 6.084 ; 6.084 ;
; iSW[11]    ; oHEX2_D[1]  ; 5.992 ; 5.992 ; 5.992 ; 5.992 ;
; iSW[11]    ; oHEX2_D[2]  ; 6.002 ; 6.002 ; 6.002 ; 6.002 ;
; iSW[11]    ; oHEX2_D[3]  ; 6.118 ; 6.118 ; 6.118 ; 6.118 ;
; iSW[11]    ; oHEX2_D[4]  ;       ; 6.852 ; 6.852 ;       ;
; iSW[11]    ; oHEX2_D[5]  ; 6.941 ; 6.941 ; 6.941 ; 6.941 ;
; iSW[11]    ; oHEX2_D[6]  ; 7.450 ; 7.450 ; 7.450 ; 7.450 ;
; iSW[11]    ; oLEDR[11]   ; 5.508 ;       ;       ; 5.508 ;
; iSW[12]    ; oHEX3_D[0]  ; 5.477 ; 5.477 ; 5.477 ; 5.477 ;
; iSW[12]    ; oHEX3_D[1]  ; 5.509 ; 5.509 ; 5.509 ; 5.509 ;
; iSW[12]    ; oHEX3_D[2]  ;       ; 5.498 ; 5.498 ;       ;
; iSW[12]    ; oHEX3_D[3]  ; 5.467 ; 5.467 ; 5.467 ; 5.467 ;
; iSW[12]    ; oHEX3_D[4]  ; 5.639 ;       ;       ; 5.639 ;
; iSW[12]    ; oHEX3_D[5]  ; 5.485 ;       ;       ; 5.485 ;
; iSW[12]    ; oHEX3_D[6]  ; 5.479 ; 5.479 ; 5.479 ; 5.479 ;
; iSW[12]    ; oLEDR[12]   ; 5.564 ;       ;       ; 5.564 ;
; iSW[13]    ; oHEX3_D[0]  ; 5.689 ; 5.689 ; 5.689 ; 5.689 ;
; iSW[13]    ; oHEX3_D[1]  ; 5.718 ; 5.718 ; 5.718 ; 5.718 ;
; iSW[13]    ; oHEX3_D[2]  ; 5.716 ;       ;       ; 5.716 ;
; iSW[13]    ; oHEX3_D[3]  ; 5.678 ; 5.678 ; 5.678 ; 5.678 ;
; iSW[13]    ; oHEX3_D[4]  ;       ; 5.851 ; 5.851 ;       ;
; iSW[13]    ; oHEX3_D[5]  ; 5.692 ; 5.692 ; 5.692 ; 5.692 ;
; iSW[13]    ; oHEX3_D[6]  ; 5.690 ; 5.690 ; 5.690 ; 5.690 ;
; iSW[13]    ; oLEDR[13]   ; 5.625 ;       ;       ; 5.625 ;
; iSW[14]    ; oHEX3_D[0]  ; 5.373 ; 5.373 ; 5.373 ; 5.373 ;
; iSW[14]    ; oHEX3_D[1]  ; 5.406 ;       ;       ; 5.406 ;
; iSW[14]    ; oHEX3_D[2]  ; 5.398 ; 5.398 ; 5.398 ; 5.398 ;
; iSW[14]    ; oHEX3_D[3]  ; 5.361 ; 5.361 ; 5.361 ; 5.361 ;
; iSW[14]    ; oHEX3_D[4]  ; 5.531 ; 5.531 ; 5.531 ; 5.531 ;
; iSW[14]    ; oHEX3_D[5]  ; 5.381 ; 5.381 ; 5.381 ; 5.381 ;
; iSW[14]    ; oHEX3_D[6]  ; 5.372 ; 5.372 ; 5.372 ; 5.372 ;
; iSW[14]    ; oLEDR[14]   ; 5.782 ;       ;       ; 5.782 ;
; iSW[15]    ; oHEX3_D[0]  ; 5.289 ; 5.289 ; 5.289 ; 5.289 ;
; iSW[15]    ; oHEX3_D[1]  ; 5.307 ; 5.307 ; 5.307 ; 5.307 ;
; iSW[15]    ; oHEX3_D[2]  ; 5.313 ; 5.313 ; 5.313 ; 5.313 ;
; iSW[15]    ; oHEX3_D[3]  ; 5.278 ; 5.278 ; 5.278 ; 5.278 ;
; iSW[15]    ; oHEX3_D[4]  ;       ; 5.451 ; 5.451 ;       ;
; iSW[15]    ; oHEX3_D[5]  ; 5.287 ; 5.287 ; 5.287 ; 5.287 ;
; iSW[15]    ; oHEX3_D[6]  ; 5.291 ; 5.291 ; 5.291 ; 5.291 ;
; iSW[15]    ; oLEDR[15]   ; 5.703 ;       ;       ; 5.703 ;
; iSW[16]    ; oLEDG[6]    ; 8.277 ; 8.277 ; 8.277 ; 8.277 ;
; iSW[16]    ; oLEDG[7]    ; 8.384 ; 8.384 ; 8.384 ; 8.384 ;
; iSW[16]    ; oLEDR[16]   ; 5.790 ;       ;       ; 5.790 ;
; iSW[17]    ; oLEDG[6]    ; 8.346 ; 8.346 ; 8.346 ; 8.346 ;
; iSW[17]    ; oLEDG[7]    ; 8.453 ; 8.453 ; 8.453 ; 8.453 ;
; iSW[17]    ; oLEDR[17]   ; 5.994 ;       ;       ; 5.994 ;
+------------+-------------+-------+-------+-------+-------+


+----------------------------------------------------------------------------+
; Multicorner Timing Analysis Summary                                        ;
+------------------+-------+------+----------+---------+---------------------+
; Clock            ; Setup ; Hold ; Recovery ; Removal ; Minimum Pulse Width ;
+------------------+-------+------+----------+---------+---------------------+
; Worst-case Slack ; N/A   ; N/A  ; N/A      ; N/A     ; N/A                 ;
; Design-wide TNS  ; 0.0   ; 0.0  ; 0.0      ; 0.0     ; 0.0                 ;
+------------------+-------+------+----------+---------+---------------------+


+--------------------------------------------------------------+
; Progagation Delay                                            ;
+------------+-------------+--------+--------+--------+--------+
; Input Port ; Output Port ; RR     ; RF     ; FR     ; FF     ;
+------------+-------------+--------+--------+--------+--------+
; iKEY[0]    ; oLEDG[0]    ; 8.518  ;        ;        ; 8.518  ;
; iKEY[0]    ; oLEDG[1]    ;        ; 8.530  ; 8.530  ;        ;
; iKEY[1]    ; oLEDG[2]    ; 8.826  ;        ;        ; 8.826  ;
; iKEY[1]    ; oLEDG[3]    ;        ; 8.540  ; 8.540  ;        ;
; iKEY[2]    ; oLEDG[4]    ; 9.152  ;        ;        ; 9.152  ;
; iKEY[2]    ; oLEDG[5]    ;        ; 9.152  ; 9.152  ;        ;
; iSW[0]     ; oHEX0_D[0]  ; 12.405 ; 12.405 ; 12.405 ; 12.405 ;
; iSW[0]     ; oHEX0_D[1]  ; 11.748 ; 11.748 ; 11.748 ; 11.748 ;
; iSW[0]     ; oHEX0_D[2]  ;        ; 11.502 ; 11.502 ;        ;
; iSW[0]     ; oHEX0_D[3]  ; 11.523 ; 11.523 ; 11.523 ; 11.523 ;
; iSW[0]     ; oHEX0_D[4]  ; 11.285 ;        ;        ; 11.285 ;
; iSW[0]     ; oHEX0_D[5]  ; 11.265 ;        ;        ; 11.265 ;
; iSW[0]     ; oHEX0_D[6]  ; 11.717 ; 11.717 ; 11.717 ; 11.717 ;
; iSW[0]     ; oLEDR[0]    ; 10.437 ;        ;        ; 10.437 ;
; iSW[1]     ; oHEX0_D[0]  ; 12.728 ; 12.728 ; 12.728 ; 12.728 ;
; iSW[1]     ; oHEX0_D[1]  ; 12.094 ; 12.094 ; 12.094 ; 12.094 ;
; iSW[1]     ; oHEX0_D[2]  ; 11.849 ;        ;        ; 11.849 ;
; iSW[1]     ; oHEX0_D[3]  ; 11.850 ; 11.850 ; 11.850 ; 11.850 ;
; iSW[1]     ; oHEX0_D[4]  ;        ; 11.584 ; 11.584 ;        ;
; iSW[1]     ; oHEX0_D[5]  ; 11.595 ; 11.595 ; 11.595 ; 11.595 ;
; iSW[1]     ; oHEX0_D[6]  ; 12.049 ; 12.049 ; 12.049 ; 12.049 ;
; iSW[1]     ; oLEDR[1]    ; 10.498 ;        ;        ; 10.498 ;
; iSW[2]     ; oHEX0_D[0]  ; 12.728 ; 12.728 ; 12.728 ; 12.728 ;
; iSW[2]     ; oHEX0_D[1]  ; 12.075 ;        ;        ; 12.075 ;
; iSW[2]     ; oHEX0_D[2]  ; 11.828 ; 11.828 ; 11.828 ; 11.828 ;
; iSW[2]     ; oHEX0_D[3]  ; 11.843 ; 11.843 ; 11.843 ; 11.843 ;
; iSW[2]     ; oHEX0_D[4]  ; 11.605 ; 11.605 ; 11.605 ; 11.605 ;
; iSW[2]     ; oHEX0_D[5]  ; 11.558 ; 11.558 ; 11.558 ; 11.558 ;
; iSW[2]     ; oHEX0_D[6]  ; 12.040 ; 12.040 ; 12.040 ; 12.040 ;
; iSW[2]     ; oLEDR[2]    ; 10.486 ;        ;        ; 10.486 ;
; iSW[3]     ; oHEX0_D[0]  ; 12.646 ; 12.646 ; 12.646 ; 12.646 ;
; iSW[3]     ; oHEX0_D[1]  ; 11.989 ; 11.989 ; 11.989 ; 11.989 ;
; iSW[3]     ; oHEX0_D[2]  ; 11.742 ; 11.742 ; 11.742 ; 11.742 ;
; iSW[3]     ; oHEX0_D[3]  ; 11.755 ; 11.755 ; 11.755 ; 11.755 ;
; iSW[3]     ; oHEX0_D[4]  ;        ; 11.516 ; 11.516 ;        ;
; iSW[3]     ; oHEX0_D[5]  ; 11.496 ; 11.496 ; 11.496 ; 11.496 ;
; iSW[3]     ; oHEX0_D[6]  ; 11.945 ; 11.945 ; 11.945 ; 11.945 ;
; iSW[3]     ; oLEDR[3]    ; 10.587 ;        ;        ; 10.587 ;
; iSW[4]     ; oHEX1_D[0]  ; 11.249 ; 11.249 ; 11.249 ; 11.249 ;
; iSW[4]     ; oHEX1_D[1]  ; 10.455 ; 10.455 ; 10.455 ; 10.455 ;
; iSW[4]     ; oHEX1_D[2]  ;        ; 10.212 ; 10.212 ;        ;
; iSW[4]     ; oHEX1_D[3]  ; 10.454 ; 10.454 ; 10.454 ; 10.454 ;
; iSW[4]     ; oHEX1_D[4]  ; 10.412 ;        ;        ; 10.412 ;
; iSW[4]     ; oHEX1_D[5]  ; 10.692 ;        ;        ; 10.692 ;
; iSW[4]     ; oHEX1_D[6]  ; 10.413 ; 10.413 ; 10.413 ; 10.413 ;
; iSW[4]     ; oLEDR[4]    ; 10.221 ;        ;        ; 10.221 ;
; iSW[5]     ; oHEX1_D[0]  ; 11.077 ; 11.077 ; 11.077 ; 11.077 ;
; iSW[5]     ; oHEX1_D[1]  ; 10.274 ; 10.274 ; 10.274 ; 10.274 ;
; iSW[5]     ; oHEX1_D[2]  ; 10.037 ;        ;        ; 10.037 ;
; iSW[5]     ; oHEX1_D[3]  ; 10.282 ; 10.282 ; 10.282 ; 10.282 ;
; iSW[5]     ; oHEX1_D[4]  ;        ; 10.227 ; 10.227 ;        ;
; iSW[5]     ; oHEX1_D[5]  ; 10.520 ; 10.520 ; 10.520 ; 10.520 ;
; iSW[5]     ; oHEX1_D[6]  ; 10.228 ; 10.228 ; 10.228 ; 10.228 ;
; iSW[5]     ; oLEDR[5]    ; 10.155 ;        ;        ; 10.155 ;
; iSW[6]     ; oHEX1_D[0]  ; 11.326 ; 11.326 ; 11.326 ; 11.326 ;
; iSW[6]     ; oHEX1_D[1]  ; 10.525 ;        ;        ; 10.525 ;
; iSW[6]     ; oHEX1_D[2]  ; 10.287 ; 10.287 ; 10.287 ; 10.287 ;
; iSW[6]     ; oHEX1_D[3]  ; 10.530 ; 10.530 ; 10.530 ; 10.530 ;
; iSW[6]     ; oHEX1_D[4]  ; 10.478 ; 10.478 ; 10.478 ; 10.478 ;
; iSW[6]     ; oHEX1_D[5]  ; 10.771 ; 10.771 ; 10.771 ; 10.771 ;
; iSW[6]     ; oHEX1_D[6]  ; 10.482 ; 10.482 ; 10.482 ; 10.482 ;
; iSW[6]     ; oLEDR[6]    ; 10.358 ;        ;        ; 10.358 ;
; iSW[7]     ; oHEX1_D[0]  ; 11.615 ; 11.615 ; 11.615 ; 11.615 ;
; iSW[7]     ; oHEX1_D[1]  ; 10.815 ; 10.815 ; 10.815 ; 10.815 ;
; iSW[7]     ; oHEX1_D[2]  ; 10.575 ; 10.575 ; 10.575 ; 10.575 ;
; iSW[7]     ; oHEX1_D[3]  ; 10.796 ; 10.796 ; 10.796 ; 10.796 ;
; iSW[7]     ; oHEX1_D[4]  ;        ; 10.771 ; 10.771 ;        ;
; iSW[7]     ; oHEX1_D[5]  ; 11.061 ; 11.061 ; 11.061 ; 11.061 ;
; iSW[7]     ; oHEX1_D[6]  ; 10.773 ; 10.773 ; 10.773 ; 10.773 ;
; iSW[7]     ; oLEDR[7]    ; 10.196 ;        ;        ; 10.196 ;
; iSW[8]     ; oHEX2_D[0]  ; 11.935 ; 11.935 ; 11.935 ; 11.935 ;
; iSW[8]     ; oHEX2_D[1]  ; 11.727 ; 11.727 ; 11.727 ; 11.727 ;
; iSW[8]     ; oHEX2_D[2]  ;        ; 11.708 ; 11.708 ;        ;
; iSW[8]     ; oHEX2_D[3]  ; 11.976 ; 11.976 ; 11.976 ; 11.976 ;
; iSW[8]     ; oHEX2_D[4]  ; 13.371 ;        ;        ; 13.371 ;
; iSW[8]     ; oHEX2_D[5]  ; 13.634 ;        ;        ; 13.634 ;
; iSW[8]     ; oHEX2_D[6]  ; 14.837 ; 14.837 ; 14.837 ; 14.837 ;
; iSW[8]     ; oLEDR[8]    ; 10.168 ;        ;        ; 10.168 ;
; iSW[9]     ; oHEX2_D[0]  ; 11.730 ; 11.730 ; 11.730 ; 11.730 ;
; iSW[9]     ; oHEX2_D[1]  ; 11.521 ; 11.521 ; 11.521 ; 11.521 ;
; iSW[9]     ; oHEX2_D[2]  ; 11.527 ;        ;        ; 11.527 ;
; iSW[9]     ; oHEX2_D[3]  ; 11.767 ; 11.767 ; 11.767 ; 11.767 ;
; iSW[9]     ; oHEX2_D[4]  ;        ; 13.163 ; 13.163 ;        ;
; iSW[9]     ; oHEX2_D[5]  ; 13.424 ; 13.424 ; 13.424 ; 13.424 ;
; iSW[9]     ; oHEX2_D[6]  ; 14.631 ; 14.631 ; 14.631 ; 14.631 ;
; iSW[9]     ; oLEDR[9]    ; 9.940  ;        ;        ; 9.940  ;
; iSW[10]    ; oHEX2_D[0]  ; 10.507 ; 10.507 ; 10.507 ; 10.507 ;
; iSW[10]    ; oHEX2_D[1]  ; 10.298 ;        ;        ; 10.298 ;
; iSW[10]    ; oHEX2_D[2]  ; 10.308 ; 10.308 ; 10.308 ; 10.308 ;
; iSW[10]    ; oHEX2_D[3]  ; 10.549 ; 10.549 ; 10.549 ; 10.549 ;
; iSW[10]    ; oHEX2_D[4]  ; 11.943 ; 11.943 ; 11.943 ; 11.943 ;
; iSW[10]    ; oHEX2_D[5]  ; 12.206 ; 12.206 ; 12.206 ; 12.206 ;
; iSW[10]    ; oHEX2_D[6]  ; 13.408 ; 13.408 ; 13.408 ; 13.408 ;
; iSW[10]    ; oLEDR[10]   ; 9.319  ;        ;        ; 9.319  ;
; iSW[11]    ; oHEX2_D[0]  ; 11.014 ; 11.014 ; 11.014 ; 11.014 ;
; iSW[11]    ; oHEX2_D[1]  ; 10.801 ; 10.801 ; 10.801 ; 10.801 ;
; iSW[11]    ; oHEX2_D[2]  ; 10.808 ; 10.808 ; 10.808 ; 10.808 ;
; iSW[11]    ; oHEX2_D[3]  ; 11.026 ; 11.026 ; 11.026 ; 11.026 ;
; iSW[11]    ; oHEX2_D[4]  ;        ; 12.448 ; 12.448 ;        ;
; iSW[11]    ; oHEX2_D[5]  ; 12.709 ; 12.709 ; 12.709 ; 12.709 ;
; iSW[11]    ; oHEX2_D[6]  ; 13.916 ; 13.916 ; 13.916 ; 13.916 ;
; iSW[11]    ; oLEDR[11]   ; 9.616  ;        ;        ; 9.616  ;
; iSW[12]    ; oHEX3_D[0]  ; 9.794  ; 9.794  ; 9.794  ; 9.794  ;
; iSW[12]    ; oHEX3_D[1]  ; 9.826  ; 9.826  ; 9.826  ; 9.826  ;
; iSW[12]    ; oHEX3_D[2]  ;        ; 9.813  ; 9.813  ;        ;
; iSW[12]    ; oHEX3_D[3]  ; 9.785  ; 9.785  ; 9.785  ; 9.785  ;
; iSW[12]    ; oHEX3_D[4]  ; 10.122 ;        ;        ; 10.122 ;
; iSW[12]    ; oHEX3_D[5]  ; 9.803  ;        ;        ; 9.803  ;
; iSW[12]    ; oHEX3_D[6]  ; 9.795  ; 9.795  ; 9.795  ; 9.795  ;
; iSW[12]    ; oLEDR[12]   ; 9.796  ;        ;        ; 9.796  ;
; iSW[13]    ; oHEX3_D[0]  ; 10.305 ; 10.305 ; 10.305 ; 10.305 ;
; iSW[13]    ; oHEX3_D[1]  ; 10.366 ; 10.366 ; 10.366 ; 10.366 ;
; iSW[13]    ; oHEX3_D[2]  ; 10.353 ;        ;        ; 10.353 ;
; iSW[13]    ; oHEX3_D[3]  ; 10.326 ; 10.326 ; 10.326 ; 10.326 ;
; iSW[13]    ; oHEX3_D[4]  ;        ; 10.641 ; 10.641 ;        ;
; iSW[13]    ; oHEX3_D[5]  ; 10.342 ; 10.342 ; 10.342 ; 10.342 ;
; iSW[13]    ; oHEX3_D[6]  ; 10.338 ; 10.338 ; 10.338 ; 10.338 ;
; iSW[13]    ; oLEDR[13]   ; 9.878  ;        ;        ; 9.878  ;
; iSW[14]    ; oHEX3_D[0]  ; 9.667  ; 9.667  ; 9.667  ; 9.667  ;
; iSW[14]    ; oHEX3_D[1]  ; 9.699  ;        ;        ; 9.699  ;
; iSW[14]    ; oHEX3_D[2]  ; 9.686  ; 9.686  ; 9.686  ; 9.686  ;
; iSW[14]    ; oHEX3_D[3]  ; 9.657  ; 9.657  ; 9.657  ; 9.657  ;
; iSW[14]    ; oHEX3_D[4]  ; 9.990  ; 9.990  ; 9.990  ; 9.990  ;
; iSW[14]    ; oHEX3_D[5]  ; 9.676  ; 9.676  ; 9.676  ; 9.676  ;
; iSW[14]    ; oHEX3_D[6]  ; 9.666  ; 9.666  ; 9.666  ; 9.666  ;
; iSW[14]    ; oLEDR[14]   ; 10.100 ;        ;        ; 10.100 ;
; iSW[15]    ; oHEX3_D[0]  ; 9.474  ; 9.474  ; 9.474  ; 9.474  ;
; iSW[15]    ; oHEX3_D[1]  ; 9.521  ; 9.521  ; 9.521  ; 9.521  ;
; iSW[15]    ; oHEX3_D[2]  ; 9.519  ; 9.519  ; 9.519  ; 9.519  ;
; iSW[15]    ; oHEX3_D[3]  ; 9.495  ; 9.495  ; 9.495  ; 9.495  ;
; iSW[15]    ; oHEX3_D[4]  ;        ; 9.798  ; 9.798  ;        ;
; iSW[15]    ; oHEX3_D[5]  ; 9.473  ; 9.473  ; 9.473  ; 9.473  ;
; iSW[15]    ; oHEX3_D[6]  ; 9.506  ; 9.506  ; 9.506  ; 9.506  ;
; iSW[15]    ; oLEDR[15]   ; 9.965  ;        ;        ; 9.965  ;
; iSW[16]    ; oLEDG[6]    ; 15.840 ; 15.840 ; 15.840 ; 15.840 ;
; iSW[16]    ; oLEDG[7]    ; 16.070 ; 16.070 ; 16.070 ; 16.070 ;
; iSW[16]    ; oLEDR[16]   ; 10.113 ;        ;        ; 10.113 ;
; iSW[17]    ; oLEDG[6]    ; 16.042 ; 16.042 ; 16.042 ; 16.042 ;
; iSW[17]    ; oLEDG[7]    ; 16.272 ; 16.272 ; 16.272 ; 16.272 ;
; iSW[17]    ; oLEDR[17]   ; 10.503 ;        ;        ; 10.503 ;
+------------+-------------+--------+--------+--------+--------+


+----------------------------------------------------------+
; Minimum Progagation Delay                                ;
+------------+-------------+-------+-------+-------+-------+
; Input Port ; Output Port ; RR    ; RF    ; FR    ; FF    ;
+------------+-------------+-------+-------+-------+-------+
; iKEY[0]    ; oLEDG[0]    ; 4.857 ;       ;       ; 4.857 ;
; iKEY[0]    ; oLEDG[1]    ;       ; 4.865 ; 4.865 ;       ;
; iKEY[1]    ; oLEDG[2]    ; 5.004 ;       ;       ; 5.004 ;
; iKEY[1]    ; oLEDG[3]    ;       ; 4.875 ; 4.875 ;       ;
; iKEY[2]    ; oLEDG[4]    ; 5.162 ;       ;       ; 5.162 ;
; iKEY[2]    ; oLEDG[5]    ;       ; 5.162 ; 5.162 ;       ;
; iSW[0]     ; oHEX0_D[0]  ; 6.791 ; 6.791 ; 6.791 ; 6.791 ;
; iSW[0]     ; oHEX0_D[1]  ; 6.504 ; 6.504 ; 6.504 ; 6.504 ;
; iSW[0]     ; oHEX0_D[2]  ;       ; 6.392 ; 6.392 ;       ;
; iSW[0]     ; oHEX0_D[3]  ; 6.404 ; 6.404 ; 6.404 ; 6.404 ;
; iSW[0]     ; oHEX0_D[4]  ; 6.296 ;       ;       ; 6.296 ;
; iSW[0]     ; oHEX0_D[5]  ; 6.276 ;       ;       ; 6.276 ;
; iSW[0]     ; oHEX0_D[6]  ; 6.479 ; 6.479 ; 6.479 ; 6.479 ;
; iSW[0]     ; oLEDR[0]    ; 5.948 ;       ;       ; 5.948 ;
; iSW[1]     ; oHEX0_D[0]  ; 6.944 ; 6.944 ; 6.944 ; 6.944 ;
; iSW[1]     ; oHEX0_D[1]  ; 6.658 ; 6.658 ; 6.658 ; 6.658 ;
; iSW[1]     ; oHEX0_D[2]  ; 6.552 ;       ;       ; 6.552 ;
; iSW[1]     ; oHEX0_D[3]  ; 6.540 ; 6.540 ; 6.540 ; 6.540 ;
; iSW[1]     ; oHEX0_D[4]  ;       ; 6.433 ; 6.433 ;       ;
; iSW[1]     ; oHEX0_D[5]  ; 6.414 ; 6.414 ; 6.414 ; 6.414 ;
; iSW[1]     ; oHEX0_D[6]  ; 6.620 ; 6.620 ; 6.620 ; 6.620 ;
; iSW[1]     ; oLEDR[1]    ; 5.982 ;       ;       ; 5.982 ;
; iSW[2]     ; oHEX0_D[0]  ; 6.935 ; 6.935 ; 6.935 ; 6.935 ;
; iSW[2]     ; oHEX0_D[1]  ; 6.651 ;       ;       ; 6.651 ;
; iSW[2]     ; oHEX0_D[2]  ; 6.541 ; 6.541 ; 6.541 ; 6.541 ;
; iSW[2]     ; oHEX0_D[3]  ; 6.545 ; 6.545 ; 6.545 ; 6.545 ;
; iSW[2]     ; oHEX0_D[4]  ; 6.436 ; 6.436 ; 6.436 ; 6.436 ;
; iSW[2]     ; oHEX0_D[5]  ; 6.416 ; 6.416 ; 6.416 ; 6.416 ;
; iSW[2]     ; oHEX0_D[6]  ; 6.619 ; 6.619 ; 6.619 ; 6.619 ;
; iSW[2]     ; oLEDR[2]    ; 5.978 ;       ;       ; 5.978 ;
; iSW[3]     ; oHEX0_D[0]  ; 6.913 ; 6.913 ; 6.913 ; 6.913 ;
; iSW[3]     ; oHEX0_D[1]  ; 6.626 ; 6.626 ; 6.626 ; 6.626 ;
; iSW[3]     ; oHEX0_D[2]  ; 6.517 ; 6.517 ; 6.517 ; 6.517 ;
; iSW[3]     ; oHEX0_D[3]  ; 6.520 ; 6.520 ; 6.520 ; 6.520 ;
; iSW[3]     ; oHEX0_D[4]  ;       ; 6.412 ; 6.412 ;       ;
; iSW[3]     ; oHEX0_D[5]  ; 6.391 ; 6.391 ; 6.391 ; 6.391 ;
; iSW[3]     ; oHEX0_D[6]  ; 6.595 ; 6.595 ; 6.595 ; 6.595 ;
; iSW[3]     ; oLEDR[3]    ; 6.049 ;       ;       ; 6.049 ;
; iSW[4]     ; oHEX1_D[0]  ; 6.225 ; 6.225 ; 6.225 ; 6.225 ;
; iSW[4]     ; oHEX1_D[1]  ; 5.839 ; 5.839 ; 5.839 ; 5.839 ;
; iSW[4]     ; oHEX1_D[2]  ;       ; 5.727 ; 5.727 ;       ;
; iSW[4]     ; oHEX1_D[3]  ; 5.839 ; 5.839 ; 5.839 ; 5.839 ;
; iSW[4]     ; oHEX1_D[4]  ; 5.808 ;       ;       ; 5.808 ;
; iSW[4]     ; oHEX1_D[5]  ; 5.945 ;       ;       ; 5.945 ;
; iSW[4]     ; oHEX1_D[6]  ; 5.805 ; 5.805 ; 5.805 ; 5.805 ;
; iSW[4]     ; oLEDR[4]    ; 5.861 ;       ;       ; 5.861 ;
; iSW[5]     ; oHEX1_D[0]  ; 6.137 ; 6.137 ; 6.137 ; 6.137 ;
; iSW[5]     ; oHEX1_D[1]  ; 5.745 ; 5.745 ; 5.745 ; 5.745 ;
; iSW[5]     ; oHEX1_D[2]  ; 5.638 ;       ;       ; 5.638 ;
; iSW[5]     ; oHEX1_D[3]  ; 5.754 ; 5.754 ; 5.754 ; 5.754 ;
; iSW[5]     ; oHEX1_D[4]  ;       ; 5.706 ; 5.706 ;       ;
; iSW[5]     ; oHEX1_D[5]  ; 5.860 ; 5.860 ; 5.860 ; 5.860 ;
; iSW[5]     ; oHEX1_D[6]  ; 5.707 ; 5.707 ; 5.707 ; 5.707 ;
; iSW[5]     ; oLEDR[5]    ; 5.813 ;       ;       ; 5.813 ;
; iSW[6]     ; oHEX1_D[0]  ; 6.240 ; 6.240 ; 6.240 ; 6.240 ;
; iSW[6]     ; oHEX1_D[1]  ; 5.849 ;       ;       ; 5.849 ;
; iSW[6]     ; oHEX1_D[2]  ; 5.737 ; 5.737 ; 5.737 ; 5.737 ;
; iSW[6]     ; oHEX1_D[3]  ; 5.858 ; 5.858 ; 5.858 ; 5.858 ;
; iSW[6]     ; oHEX1_D[4]  ; 5.810 ; 5.810 ; 5.810 ; 5.810 ;
; iSW[6]     ; oHEX1_D[5]  ; 5.960 ; 5.960 ; 5.960 ; 5.960 ;
; iSW[6]     ; oHEX1_D[6]  ; 5.810 ; 5.810 ; 5.810 ; 5.810 ;
; iSW[6]     ; oLEDR[6]    ; 5.896 ;       ;       ; 5.896 ;
; iSW[7]     ; oHEX1_D[0]  ; 6.380 ; 6.380 ; 6.380 ; 6.380 ;
; iSW[7]     ; oHEX1_D[1]  ; 5.984 ; 5.984 ; 5.984 ; 5.984 ;
; iSW[7]     ; oHEX1_D[2]  ; 5.876 ; 5.876 ; 5.876 ; 5.876 ;
; iSW[7]     ; oHEX1_D[3]  ; 5.992 ; 5.992 ; 5.992 ; 5.992 ;
; iSW[7]     ; oHEX1_D[4]  ;       ; 5.948 ; 5.948 ;       ;
; iSW[7]     ; oHEX1_D[5]  ; 6.099 ; 6.099 ; 6.099 ; 6.099 ;
; iSW[7]     ; oHEX1_D[6]  ; 5.949 ; 5.949 ; 5.949 ; 5.949 ;
; iSW[7]     ; oLEDR[7]    ; 5.851 ;       ;       ; 5.851 ;
; iSW[8]     ; oHEX2_D[0]  ; 6.568 ; 6.568 ; 6.568 ; 6.568 ;
; iSW[8]     ; oHEX2_D[1]  ; 6.473 ; 6.473 ; 6.473 ; 6.473 ;
; iSW[8]     ; oHEX2_D[2]  ;       ; 6.485 ; 6.485 ;       ;
; iSW[8]     ; oHEX2_D[3]  ; 6.598 ; 6.598 ; 6.598 ; 6.598 ;
; iSW[8]     ; oHEX2_D[4]  ; 7.339 ;       ;       ; 7.339 ;
; iSW[8]     ; oHEX2_D[5]  ; 7.423 ;       ;       ; 7.423 ;
; iSW[8]     ; oHEX2_D[6]  ; 7.932 ; 7.932 ; 7.932 ; 7.932 ;
; iSW[8]     ; oLEDR[8]    ; 5.823 ;       ;       ; 5.823 ;
; iSW[9]     ; oHEX2_D[0]  ; 6.498 ; 6.498 ; 6.498 ; 6.498 ;
; iSW[9]     ; oHEX2_D[1]  ; 6.411 ; 6.411 ; 6.411 ; 6.411 ;
; iSW[9]     ; oHEX2_D[2]  ; 6.421 ;       ;       ; 6.421 ;
; iSW[9]     ; oHEX2_D[3]  ; 6.532 ; 6.532 ; 6.532 ; 6.532 ;
; iSW[9]     ; oHEX2_D[4]  ;       ; 7.268 ; 7.268 ;       ;
; iSW[9]     ; oHEX2_D[5]  ; 7.359 ; 7.359 ; 7.359 ; 7.359 ;
; iSW[9]     ; oHEX2_D[6]  ; 7.869 ; 7.869 ; 7.869 ; 7.869 ;
; iSW[9]     ; oLEDR[9]    ; 5.664 ;       ;       ; 5.664 ;
; iSW[10]    ; oHEX2_D[0]  ; 5.832 ; 5.832 ; 5.832 ; 5.832 ;
; iSW[10]    ; oHEX2_D[1]  ; 5.744 ;       ;       ; 5.744 ;
; iSW[10]    ; oHEX2_D[2]  ; 5.757 ; 5.757 ; 5.757 ; 5.757 ;
; iSW[10]    ; oHEX2_D[3]  ; 5.871 ; 5.871 ; 5.871 ; 5.871 ;
; iSW[10]    ; oHEX2_D[4]  ; 6.603 ; 6.603 ; 6.603 ; 6.603 ;
; iSW[10]    ; oHEX2_D[5]  ; 6.696 ; 6.696 ; 6.696 ; 6.696 ;
; iSW[10]    ; oHEX2_D[6]  ; 7.202 ; 7.202 ; 7.202 ; 7.202 ;
; iSW[10]    ; oLEDR[10]   ; 5.358 ;       ;       ; 5.358 ;
; iSW[11]    ; oHEX2_D[0]  ; 6.084 ; 6.084 ; 6.084 ; 6.084 ;
; iSW[11]    ; oHEX2_D[1]  ; 5.992 ; 5.992 ; 5.992 ; 5.992 ;
; iSW[11]    ; oHEX2_D[2]  ; 6.002 ; 6.002 ; 6.002 ; 6.002 ;
; iSW[11]    ; oHEX2_D[3]  ; 6.118 ; 6.118 ; 6.118 ; 6.118 ;
; iSW[11]    ; oHEX2_D[4]  ;       ; 6.852 ; 6.852 ;       ;
; iSW[11]    ; oHEX2_D[5]  ; 6.941 ; 6.941 ; 6.941 ; 6.941 ;
; iSW[11]    ; oHEX2_D[6]  ; 7.450 ; 7.450 ; 7.450 ; 7.450 ;
; iSW[11]    ; oLEDR[11]   ; 5.508 ;       ;       ; 5.508 ;
; iSW[12]    ; oHEX3_D[0]  ; 5.477 ; 5.477 ; 5.477 ; 5.477 ;
; iSW[12]    ; oHEX3_D[1]  ; 5.509 ; 5.509 ; 5.509 ; 5.509 ;
; iSW[12]    ; oHEX3_D[2]  ;       ; 5.498 ; 5.498 ;       ;
; iSW[12]    ; oHEX3_D[3]  ; 5.467 ; 5.467 ; 5.467 ; 5.467 ;
; iSW[12]    ; oHEX3_D[4]  ; 5.639 ;       ;       ; 5.639 ;
; iSW[12]    ; oHEX3_D[5]  ; 5.485 ;       ;       ; 5.485 ;
; iSW[12]    ; oHEX3_D[6]  ; 5.479 ; 5.479 ; 5.479 ; 5.479 ;
; iSW[12]    ; oLEDR[12]   ; 5.564 ;       ;       ; 5.564 ;
; iSW[13]    ; oHEX3_D[0]  ; 5.689 ; 5.689 ; 5.689 ; 5.689 ;
; iSW[13]    ; oHEX3_D[1]  ; 5.718 ; 5.718 ; 5.718 ; 5.718 ;
; iSW[13]    ; oHEX3_D[2]  ; 5.716 ;       ;       ; 5.716 ;
; iSW[13]    ; oHEX3_D[3]  ; 5.678 ; 5.678 ; 5.678 ; 5.678 ;
; iSW[13]    ; oHEX3_D[4]  ;       ; 5.851 ; 5.851 ;       ;
; iSW[13]    ; oHEX3_D[5]  ; 5.692 ; 5.692 ; 5.692 ; 5.692 ;
; iSW[13]    ; oHEX3_D[6]  ; 5.690 ; 5.690 ; 5.690 ; 5.690 ;
; iSW[13]    ; oLEDR[13]   ; 5.625 ;       ;       ; 5.625 ;
; iSW[14]    ; oHEX3_D[0]  ; 5.373 ; 5.373 ; 5.373 ; 5.373 ;
; iSW[14]    ; oHEX3_D[1]  ; 5.406 ;       ;       ; 5.406 ;
; iSW[14]    ; oHEX3_D[2]  ; 5.398 ; 5.398 ; 5.398 ; 5.398 ;
; iSW[14]    ; oHEX3_D[3]  ; 5.361 ; 5.361 ; 5.361 ; 5.361 ;
; iSW[14]    ; oHEX3_D[4]  ; 5.531 ; 5.531 ; 5.531 ; 5.531 ;
; iSW[14]    ; oHEX3_D[5]  ; 5.381 ; 5.381 ; 5.381 ; 5.381 ;
; iSW[14]    ; oHEX3_D[6]  ; 5.372 ; 5.372 ; 5.372 ; 5.372 ;
; iSW[14]    ; oLEDR[14]   ; 5.782 ;       ;       ; 5.782 ;
; iSW[15]    ; oHEX3_D[0]  ; 5.289 ; 5.289 ; 5.289 ; 5.289 ;
; iSW[15]    ; oHEX3_D[1]  ; 5.307 ; 5.307 ; 5.307 ; 5.307 ;
; iSW[15]    ; oHEX3_D[2]  ; 5.313 ; 5.313 ; 5.313 ; 5.313 ;
; iSW[15]    ; oHEX3_D[3]  ; 5.278 ; 5.278 ; 5.278 ; 5.278 ;
; iSW[15]    ; oHEX3_D[4]  ;       ; 5.451 ; 5.451 ;       ;
; iSW[15]    ; oHEX3_D[5]  ; 5.287 ; 5.287 ; 5.287 ; 5.287 ;
; iSW[15]    ; oHEX3_D[6]  ; 5.291 ; 5.291 ; 5.291 ; 5.291 ;
; iSW[15]    ; oLEDR[15]   ; 5.703 ;       ;       ; 5.703 ;
; iSW[16]    ; oLEDG[6]    ; 8.277 ; 8.277 ; 8.277 ; 8.277 ;
; iSW[16]    ; oLEDG[7]    ; 8.384 ; 8.384 ; 8.384 ; 8.384 ;
; iSW[16]    ; oLEDR[16]   ; 5.790 ;       ;       ; 5.790 ;
; iSW[17]    ; oLEDG[6]    ; 8.346 ; 8.346 ; 8.346 ; 8.346 ;
; iSW[17]    ; oLEDG[7]    ; 8.453 ; 8.453 ; 8.453 ; 8.453 ;
; iSW[17]    ; oLEDR[17]   ; 5.994 ;       ;       ; 5.994 ;
+------------+-------------+-------+-------+-------+-------+


-------------------
; Clock Transfers ;
-------------------
Nothing to report.


---------------
; Report TCCS ;
---------------
No dedicated SERDES Transmitter circuitry present in device or used in design


---------------
; Report RSKM ;
---------------
No dedicated SERDES Receiver circuitry present in device or used in design


+------------------------------------------------+
; Unconstrained Paths                            ;
+---------------------------------+-------+------+
; Property                        ; Setup ; Hold ;
+---------------------------------+-------+------+
; Illegal Clocks                  ; 0     ; 0    ;
; Unconstrained Clocks            ; 0     ; 0    ;
; Unconstrained Input Ports       ; 21    ; 21   ;
; Unconstrained Input Port Paths  ; 140   ; 140  ;
; Unconstrained Output Ports      ; 54    ; 54   ;
; Unconstrained Output Port Paths ; 140   ; 140  ;
+---------------------------------+-------+------+


+------------------------------------+
; TimeQuest Timing Analyzer Messages ;
+------------------------------------+
Info: *******************************************************************
Info: Running Quartus II 64-Bit TimeQuest Timing Analyzer
    Info: Version 13.0.1 Build 232 06/12/2013 Service Pack 1 SJ Web Edition
    Info: Processing started: Mon Oct 02 16:24:46 2017
Info: Command: quartus_sta decoder -c decoder
Info: qsta_default_script.tcl version: #1
Warning (20028): Parallel compilation is not licensed and has been disabled
Info (21077): Low junction temperature is 0 degrees C
Info (21077): High junction temperature is 85 degrees C
Info (332104): Reading SDC File: 'decoder.out.sdc'
Warning (332174): Ignored filter at decoder.out.sdc(41): Clk could not be matched with a port
Warning (332049): Ignored create_clock at decoder.out.sdc(41): Argument <targets> is an empty collection
    Info (332050): create_clock -name {Clk} -period 20.000 -waveform { 0.000 10.000 } [get_ports {Clk}]
Info (332104): Reading SDC File: 'decoder.sdc'
Warning (332061): Virtual clock clk is never referenced in any input or output delay assignment.
Info: Found TIMEQUEST_REPORT_SCRIPT_INCLUDE_DEFAULT_ANALYSIS = ON
Info: Analyzing Slow Model
Info (332140): No fmax paths to report
Info (332140): No Setup paths to report
Info (332140): No Hold paths to report
Info (332140): No Recovery paths to report
Info (332140): No Removal paths to report
Info (332140): No Minimum Pulse Width paths to report
Info (332001): The selected device family is not supported by the report_metastability command.
Info: Analyzing Fast Model
Warning (332061): Virtual clock clk is never referenced in any input or output delay assignment.
Info (332140): No Setup paths to report
Info (332140): No Hold paths to report
Info (332140): No Recovery paths to report
Info (332140): No Removal paths to report
Info (332140): No Minimum Pulse Width paths to report
Info (332001): The selected device family is not supported by the report_metastability command.
Info (332102): Design is not fully constrained for setup requirements
Info (332102): Design is not fully constrained for hold requirements
Info: Quartus II 64-Bit TimeQuest Timing Analyzer was successful. 0 errors, 5 warnings
    Info: Peak virtual memory: 402 megabytes
    Info: Processing ended: Mon Oct 02 16:24:48 2017
    Info: Elapsed time: 00:00:02
    Info: Total CPU time (on all processors): 00:00:01


